============================= test session starts =============================
platform win32 -- Python 3.11.9, pytest-9.0.2, pluggy-1.6.0 -- D:\ALEX\CODING\MERLIN\venv\Scripts\python.exe
cachedir: .pytest_cache
rootdir: D:\ALEX\CODING\MERLIN
configfile: pyproject.toml
plugins: anyio-4.12.1, langsmith-0.7.16
collecting ... collected 1796 items

tests/test_application_registry.py::TestApplicationEntity::test_basic_construction PASSED [  0%]
tests/test_application_registry.py::TestApplicationEntity::test_best_strategy_returns_highest_priority PASSED [  0%]
tests/test_application_registry.py::TestApplicationEntity::test_best_strategy_returns_none_when_empty PASSED [  0%]
tests/test_application_registry.py::TestApplicationEntity::test_strategies_by_type PASSED [  0%]
tests/test_application_registry.py::TestApplicationEntity::test_has_process_name_case_insensitive PASSED [  0%]
tests/test_application_registry.py::TestApplicationRegistry::test_get_by_id PASSED [  0%]
tests/test_application_registry.py::TestApplicationRegistry::test_get_unknown_returns_none PASSED [  0%]
tests/test_application_registry.py::TestApplicationRegistry::test_lookup_by_display_name PASSED [  0%]
tests/test_application_registry.py::TestApplicationRegistry::test_lookup_by_name_case_insensitive PASSED [  0%]
tests/test_application_registry.py::TestApplicationRegistry::test_lookup_by_app_id_as_name PASSED [  0%]
tests/test_application_registry.py::TestApplicationRegistry::test_lookup_by_process PASSED [  0%]
tests/test_application_registry.py::TestApplicationRegistry::test_lookup_by_process_case_insensitive PASSED [  0%]
tests/test_application_registry.py::TestApplicationRegistry::test_all_ids PASSED [  0%]
tests/test_application_registry.py::TestApplicationRegistry::test_len PASSED [  0%]
tests/test_application_registry.py::TestApplicationRegistry::test_contains PASSED [  0%]
tests/test_application_registry.py::TestApplicationRegistry::test_summary PASSED [  0%]
tests/test_application_registry.py::TestApplicationRegistry::test_atomic_refresh PASSED [  0%]
tests/test_application_registry.py::TestApplicationRegistry::test_refresh_updates_name_index PASSED [  1%]
tests/test_application_registry.py::TestApplicationRegistry::test_refresh_updates_process_index PASSED [  1%]
tests/test_application_registry.py::TestApplicationDiscoveryService::test_cli_path_scan_finds_notepad PASSED [  1%]
tests/test_application_registry.py::TestApplicationDiscoveryService::test_derive_app_id_normalization PASSED [  1%]
tests/test_application_registry.py::TestApplicationDiscoveryService::test_entity_builder_deduplicates_strategies PASSED [  1%]
tests/test_application_registry.py::TestApplicationDiscoveryService::test_entity_builder_merges_strategies PASSED [  1%]
tests/test_application_registry.py::TestApplicationDiscoveryService::test_entity_builder_infers_process_name PASSED [  1%]
tests/test_application_registry.py::TestApplicationDiscoveryService::test_entity_builder_default_process_name PASSED [  1%]
tests/test_application_registry.py::TestApplicationDiscoveryService::test_entity_builder_capabilities_binding PASSED [  1%]
tests/test_application_registry.py::TestApplicationDiscoveryService::test_discover_all_with_empty_cap_registry PASSED [  1%]
tests/test_application_registry.py::TestStrategyDefaults::test_executable_highest_priority PASSED [  1%]
tests/test_application_registry.py::TestStrategyDefaults::test_appsfolder_second_priority PASSED [  1%]
tests/test_application_registry.py::TestStrategyDefaults::test_protocol_third_priority PASSED [  1%]
tests/test_application_registry.py::TestStrategyDefaults::test_shell_lowest_priority PASSED [  1%]
tests/test_application_registry.py::TestStrategyDeduplication::test_same_exe_path_via_different_methods_collapsed PASSED [  1%]
tests/test_application_registry.py::TestStrategyDeduplication::test_different_exe_paths_not_collapsed PASSED [  1%]
tests/test_application_registry.py::TestStrategyDeduplication::test_case_insensitive_exe_dedup_on_windows PASSED [  1%]
tests/test_application_registry.py::TestStrategyDeduplication::test_protocol_dedup_is_case_sensitive PASSED [  1%]
tests/test_application_registry.py::TestStrategyDeduplication::test_different_types_not_collapsed PASSED [  2%]
tests/test_application_registry.py::TestCanonicalIdStability::test_chrome_variations PASSED [  2%]
tests/test_application_registry.py::TestCanonicalIdStability::test_firefox_variations PASSED [  2%]
tests/test_application_registry.py::TestCanonicalIdStability::test_vscode_variations PASSED [  2%]
tests/test_application_registry.py::TestCanonicalIdStability::test_edge_variations PASSED [  2%]
tests/test_application_registry.py::TestCanonicalIdStability::test_terminal_variations PASSED [  2%]
tests/test_application_registry.py::TestCanonicalIdStability::test_simple_names_unchanged PASSED [  2%]
tests/test_application_registry.py::TestCanonicalIdStability::test_suffix_stripping PASSED [  2%]
tests/test_application_registry.py::TestCapabilityDefaults::test_unknown_app_gets_none_capabilities PASSED [  2%]
tests/test_application_registry.py::TestCapabilityDefaults::test_known_app_gets_capabilities PASSED [  2%]
tests/test_browser_context_propagation.py::TestBrowserWorldStateModel::test_default_empty_entities PASSED [  2%]
tests/test_browser_context_propagation.py::TestBrowserWorldStateModel::test_stores_entities PASSED [  2%]
tests/test_browser_context_propagation.py::TestBrowserWorldStateModel::test_model_dump_includes_entities PASSED [  2%]
tests/test_browser_context_propagation.py::TestBrowserWorldStateModel::test_empty_entities_in_dump PASSED [  2%]
tests/test_browser_context_propagation.py::TestBrowserWorldStateModel::test_disconnected_clears_entities PASSED [  2%]
tests/test_browser_context_propagation.py::TestExtractTopEntities::test_extracts_correct_fields PASSED [  2%]
tests/test_browser_context_propagation.py::TestExtractTopEntities::test_caps_at_25 PASSED [  2%]
tests/test_browser_context_propagation.py::TestExtractTopEntities::test_custom_limit PASSED [  2%]
tests/test_browser_context_propagation.py::TestExtractTopEntities::test_empty_entities PASSED [  3%]
tests/test_browser_context_propagation.py::TestExtractTopEntities::test_long_text_truncated PASSED [  3%]
tests/test_browser_context_propagation.py::TestExtractTopEntities::test_short_text_not_truncated PASSED [  3%]
tests/test_browser_context_propagation.py::TestWorldStateEntityStorage::test_snapshot_event_stores_entities PASSED [  3%]
tests/test_browser_context_propagation.py::TestWorldStateEntityStorage::test_page_changed_event_stores_entities PASSED [  3%]
tests/test_browser_context_propagation.py::TestWorldStateEntityStorage::test_no_entities_key_defaults_empty PASSED [  3%]
tests/test_browser_context_propagation.py::TestWorldStateEntityStorage::test_disconnect_clears_entities PASSED [  3%]
tests/test_browser_context_propagation.py::TestWorldStateEntityStorage::test_page_change_replaces_entities PASSED [  3%]
tests/test_browser_context_propagation.py::TestCoordinatorEntityVisibility::test_entities_in_flattened_world_facts PASSED [  3%]
tests/test_browser_context_propagation.py::TestCoordinatorEntityVisibility::test_no_entities_when_browser_inactive PASSED [  3%]
tests/test_browser_context_propagation.py::TestAutonomousTaskContextInjection::test_context_prepended_when_browser_alive PASSED [  3%]
tests/test_browser_context_propagation.py::TestAutonomousTaskContextInjection::test_no_context_when_browser_not_alive PASSED [  3%]
tests/test_browser_context_propagation.py::TestAutonomousTaskContextInjection::test_no_context_when_on_about_blank PASSED [  3%]
tests/test_browser_context_propagation.py::TestAutonomousTaskContextInjection::test_graceful_degradation_on_controller_error PASSED [  3%]
tests/test_browser_context_propagation.py::TestBrowserSourceEmitsEntities::test_bootstrap_includes_entities PASSED [  3%]
tests/test_browser_context_propagation.py::TestBrowserSourceEmitsEntities::test_poll_includes_entities_on_change PASSED [  3%]
tests/test_browser_context_propagation.py::TestBrowserSourceEmitsEntities::test_entity_count_matches PASSED [  3%]
tests/test_browser_session_reuse.py::TestAdapterArchitectureContract::test_adapter_docstring_declares_persistent_browser PASSED [  3%]
tests/test_browser_session_reuse.py::TestAdapterArchitectureContract::test_ensure_browser_reuses_alive_browser PASSED [  4%]
tests/test_browser_session_reuse.py::TestSessionContextInjection::test_consecutive_tasks_include_context PASSED [  4%]
tests/test_browser_session_reuse.py::TestSessionContextInjection::test_context_not_lost_between_tasks PASSED [  4%]
tests/test_browser_skill_outputs.py::TestContractOutputDeclarations::test_click_has_page_title_output PASSED [  4%]
tests/test_browser_skill_outputs.py::TestContractOutputDeclarations::test_navigate_has_page_title_output PASSED [  4%]
tests/test_browser_skill_outputs.py::TestContractOutputDeclarations::test_go_back_has_page_title_output PASSED [  4%]
tests/test_browser_skill_outputs.py::TestContractOutputDeclarations::test_go_forward_has_page_title_output PASSED [  4%]
tests/test_browser_skill_outputs.py::TestContractOutputDeclarations::test_autonomous_task_has_page_title_output PASSED [  4%]
tests/test_browser_skill_outputs.py::TestContractOutputDeclarations::test_page_title_type_is_info_string PASSED [  4%]
tests/test_browser_skill_outputs.py::TestExecuteReturnsPageTitle::test_click_returns_page_title PASSED [  4%]
tests/test_browser_skill_outputs.py::TestExecuteReturnsPageTitle::test_navigate_returns_page_title PASSED [  4%]
tests/test_browser_skill_outputs.py::TestExecuteReturnsPageTitle::test_go_back_returns_page_title PASSED [  4%]
tests/test_browser_skill_outputs.py::TestExecuteReturnsPageTitle::test_go_forward_returns_page_title PASSED [  4%]
tests/test_browser_skill_outputs.py::TestOutputReferenceChaining::test_click_outputs_chainable PASSED [  4%]
tests/test_browser_skill_outputs.py::TestOutputReferenceChaining::test_navigate_outputs_chainable PASSED [  4%]
tests/test_browser_skill_outputs.py::TestOutputReferenceChaining::test_no_snapshot_returns_empty_strings PASSED [  4%]
tests/test_browser_tier_execution.py::TestCosineScoring::test_identical_tokens PASSED [  4%]
tests/test_browser_tier_execution.py::TestCosineScoring::test_no_overlap PASSED [  4%]
tests/test_browser_tier_execution.py::TestCosineScoring::test_partial_overlap PASSED [  5%]
tests/test_browser_tier_execution.py::TestCosineScoring::test_empty_query PASSED [  5%]
tests/test_browser_tier_execution.py::TestCosineScoring::test_empty_entity PASSED [  5%]
tests/test_browser_tier_execution.py::TestCosineScoring::test_single_token_match PASSED [  5%]
tests/test_browser_tier_execution.py::TestCosineScoring::test_howard_stark_example PASSED [  5%]
tests/test_browser_tier_execution.py::TestTokenizer::test_lowercase PASSED [  5%]
tests/test_browser_tier_execution.py::TestTokenizer::test_stopword_removal PASSED [  5%]
tests/test_browser_tier_execution.py::TestTokenizer::test_empty_string PASSED [  5%]
tests/test_browser_tier_execution.py::TestBrowserEntityResolution::test_resolved_single_match PASSED [  5%]
tests/test_browser_tier_execution.py::TestBrowserEntityResolution::test_not_found_browser PASSED [  5%]
tests/test_browser_tier_execution.py::TestBrowserEntityResolution::test_not_found_browser_user_message PASSED [  5%]
tests/test_browser_tier_execution.py::TestBrowserEntityResolution::test_ambiguous_match PASSED [  5%]
tests/test_browser_tier_execution.py::TestBrowserEntityResolution::test_entity_index_passthrough PASSED [  5%]
tests/test_browser_tier_execution.py::TestBrowserEntityResolution::test_no_entities_available PASSED [  5%]
tests/test_browser_tier_execution.py::TestBrowserEntityResolution::test_no_world_snapshot PASSED [  5%]
tests/test_browser_tier_execution.py::TestScrollNormalization::test_down_literal PASSED [  5%]
tests/test_browser_tier_execution.py::TestScrollNormalization::test_up_literal PASSED [  5%]
tests/test_browser_tier_execution.py::TestScrollNormalization::test_little_becomes_down PASSED [  5%]
tests/test_browser_tier_execution.py::TestScrollNormalization::test_above_becomes_up PASSED [  6%]
tests/test_browser_tier_execution.py::TestScrollNormalization::test_top_becomes_up PASSED [  6%]
tests/test_browser_tier_execution.py::TestScrollNormalization::test_bottom_becomes_down PASSED [  6%]
tests/test_browser_tier_execution.py::TestScrollNormalization::test_default_is_down PASSED [  6%]
tests/test_browser_tier_execution.py::TestBrowserSourceEntityRefresh::test_entity_count_change_emits_event PASSED [  6%]
tests/test_browser_tier_execution.py::TestBrowserSourceEntityRefresh::test_no_event_when_nothing_changed PASSED [  6%]
tests/test_browser_tier_execution.py::TestWorldStateBrowserEntitiesRefreshed::test_entities_refreshed_updates_top_entities PASSED [  6%]
tests/test_browser_tier_execution.py::TestBrowserClickEntityRef::test_entity_ref_in_optional_inputs PASSED [  6%]
tests/test_browser_tier_execution.py::TestBrowserClickEntityRef::test_entity_index_in_optional_inputs PASSED [  6%]
tests/test_browser_tier_execution.py::TestBrowserClickEntityRef::test_input_groups_defined PASSED [  6%]
tests/test_browser_tier_execution.py::TestBrowserClickEntityRef::test_no_required_inputs PASSED [  6%]
tests/test_browser_tier_execution.py::TestBrowserClickIndexDrift::test_fresh_snapshot_used PASSED [  6%]
tests/test_browser_tier_execution.py::TestBrowserClickIndexDrift::test_text_match_no_drift PASSED [  6%]
tests/test_browser_tier_execution.py::TestBrowserClickIndexDrift::test_index_drifted_fallback_by_text PASSED [  6%]
tests/test_browser_tier_execution.py::TestBrowserClickIndexDrift::test_no_expected_text_skips_verification PASSED [  6%]
tests/test_browser_tier_execution.py::TestBrowserClickIndexDrift::test_resolver_passes_resolved_text PASSED [  6%]
tests/test_clarification_flow.py::TestSkillResultStatus::test_default_status_is_none PASSED [  6%]
tests/test_clarification_flow.py::TestSkillResultStatus::test_status_no_op PASSED [  6%]
tests/test_clarification_flow.py::TestSkillResultStatus::test_skillresult_is_frozen PASSED [  7%]
tests/test_clarification_flow.py::TestExecutionResultClarification::test_default_clarification_is_none PASSED [  7%]
tests/test_clarification_flow.py::TestExecutionResultClarification::test_set_clarification PASSED [  7%]
tests/test_clarification_flow.py::TestOutcomeAnalyzerAmbiguity::test_no_op_ambiguous_input_is_soft_failure PASSED [  7%]
tests/test_clarification_flow.py::TestOutcomeAnalyzerAmbiguity::test_no_op_idempotent_is_benign PASSED [  7%]
tests/test_clarification_flow.py::TestOutcomeAnalyzerAmbiguity::test_completed_is_benign PASSED [  7%]
tests/test_clarification_flow.py::TestSearchFileAmbiguity::test_single_match_returns_completed PASSED [  7%]
tests/test_clarification_flow.py::TestSearchFileAmbiguity::test_same_name_multiple_matches_returns_no_op PASSED [  7%]
tests/test_clarification_flow.py::TestSearchFileAmbiguity::test_different_names_multiple_matches_returns_completed PASSED [  7%]
tests/test_clarification_flow.py::TestSearchFileAmbiguity::test_no_matches_returns_empty PASSED [  7%]
tests/test_clarification_flow.py::TestDraftMessageDuplicateAmbiguity::test_duplicate_attachment_returns_no_op_not_crash PASSED [  7%]
tests/test_clarification_flow.py::TestDraftMessageDuplicateAmbiguity::test_validate_attachments_still_raises_for_duplicate PASSED [  7%]
tests/test_clarification_flow.py::TestDraftMessageDuplicateAmbiguity::test_single_attachment_works_normally PASSED [  7%]
tests/test_clarification_flow.py::TestExecutorStatusHonoring::test_no_op_status_from_skill_result PASSED [  7%]
tests/test_clarification_flow.py::TestAmbiguityCascadeBlock::test_ambiguous_node_blocks_dependents PASSED [  7%]
tests/test_clarification_flow.py::TestAmbiguityCascadeBlock::test_idempotent_noop_does_not_block_dependents PASSED [  7%]
tests/test_clarification_flow.py::TestAmbiguityCascadeBlock::test_ambiguity_cascade_through_chain PASSED [  7%]
tests/test_clarification_flow.py::TestAmbiguityCascadeBlock::test_outcome_verdict_has_ambiguous_reason PASSED [  7%]
tests/test_clarification_flow.py::TestAmbiguityCascadeBlock::test_failure_category_has_no_execution_error PASSED [  8%]
tests/test_clarification_flow.py::TestOrchestratorAmbiguityInterception::test_ambiguous_input_sets_clarification_from_metadata PASSED [  8%]
tests/test_clarification_flow.py::TestOrchestratorAmbiguityInterception::test_non_ambiguous_soft_failure_not_intercepted PASSED [  8%]
tests/test_clarification_flow.py::TestParseUserSelection::test_numeric_valid PASSED [  8%]
tests/test_clarification_flow.py::TestParseUserSelection::test_numeric_out_of_bounds PASSED [  8%]
tests/test_clarification_flow.py::TestParseUserSelection::test_numeric_zero PASSED [  8%]
tests/test_clarification_flow.py::TestParseUserSelection::test_ordinal_third PASSED [  8%]
tests/test_clarification_flow.py::TestParseUserSelection::test_ordinal_first PASSED [  8%]
tests/test_clarification_flow.py::TestParseUserSelection::test_keyword_fuzzy_match PASSED [  8%]
tests/test_clarification_flow.py::TestParseUserSelection::test_garbage_input_returns_none PASSED [  8%]
tests/test_clarification_flow.py::TestSupervisorOverrideOutputs::test_override_outputs_pre_seeds_result PASSED [  8%]
tests/test_clarification_flow.py::TestSupervisorOverrideOutputs::test_override_outputs_skips_execution PASSED [  8%]
tests/test_clarification_flow.py::TestClarificationContextInSignal::test_ambiguous_input_signal_has_plan_and_results PASSED [  8%]
tests/test_cognitive_context.py::TestExecutionStateUncertainty::test_initial_uncertainty_all_zero PASSED [  8%]
tests/test_cognitive_context.py::TestExecutionStateUncertainty::test_increase_uncertainty PASSED [  8%]
tests/test_cognitive_context.py::TestExecutionStateUncertainty::test_decrease_uncertainty PASSED [  8%]
tests/test_cognitive_context.py::TestExecutionStateUncertainty::test_uncertainty_clamped_at_zero PASSED [  8%]
tests/test_cognitive_context.py::TestExecutionStateUncertainty::test_uncertainty_clamped_at_one PASSED [  8%]
tests/test_cognitive_context.py::TestExecutionStateUncertainty::test_unknown_event_type_ignored PASSED [  9%]
tests/test_cognitive_context.py::TestExecutionStateUncertainty::test_unknown_domain_falls_back_to_general PASSED [  9%]
tests/test_cognitive_context.py::TestExecutionStateTrace::test_record_decision PASSED [  9%]
tests/test_cognitive_context.py::TestExecutionStateTrace::test_root_cache_self PASSED [  9%]
tests/test_cognitive_context.py::TestExecutionStateTrace::test_root_cache_chain PASSED [  9%]
tests/test_cognitive_context.py::TestExecutionStateTrace::test_compaction_at_max_trace PASSED [  9%]
tests/test_cognitive_context.py::TestExecutionStateTrace::test_root_cache_survives_compaction PASSED [  9%]
tests/test_cognitive_context.py::TestExecutionStateAttempts::test_record_attempt PASSED [  9%]
tests/test_cognitive_context.py::TestExecutionStateBudget::test_within_budget_initially PASSED [  9%]
tests/test_cognitive_context.py::TestExecutionStateBudget::test_exceeds_step_budget PASSED [  9%]
tests/test_cognitive_context.py::TestExecutionStateBudget::test_exceeds_recovery_depth PASSED [  9%]
tests/test_cognitive_context.py::TestExecutionStateBudget::test_exceeds_queue_size PASSED [  9%]
tests/test_cognitive_context.py::TestGoalState::test_basic_creation PASSED [  9%]
tests/test_cognitive_context.py::TestGoalState::test_complete_when_all_achieved PASSED [  9%]
tests/test_cognitive_context.py::TestGoalState::test_refine_increments_version PASSED [  9%]
tests/test_cognitive_context.py::TestGoalState::test_refine_removes_outcomes PASSED [  9%]
tests/test_cognitive_context.py::TestGoalState::test_refine_preserves_valid_achieved PASSED [  9%]
tests/test_cognitive_context.py::TestGoalState::test_refinement_history_tracked PASSED [  9%]
tests/test_cognitive_context.py::TestCognitiveContext::test_snapshot_is_frozen PASSED [ 10%]
tests/test_cognitive_context.py::TestCognitiveContext::test_snapshot_reflects_state PASSED [ 10%]
tests/test_cognitive_context.py::TestCognitiveContext::test_refresh_world_returns_new_context PASSED [ 10%]
tests/test_cognitive_context.py::TestCognitiveContext::test_to_failure_context PASSED [ 10%]
tests/test_cognitive_context.py::TestDataModels::test_assumption_construction PASSED [ 10%]
tests/test_cognitive_context.py::TestDataModels::test_commitment_construction PASSED [ 10%]
tests/test_cognitive_context.py::TestDataModels::test_decision_explanation_construction PASSED [ 10%]
tests/test_cognitive_context.py::TestDataModels::test_action_decision_frozen PASSED [ 10%]
tests/test_cognitive_context.py::TestDataModels::test_escalation_decision PASSED [ 10%]
tests/test_cognitive_context.py::TestDataModels::test_failure_cause_enum PASSED [ 10%]
tests/test_cognitive_context.py::TestDataModels::test_failure_scope_enum PASSED [ 10%]
tests/test_cognitive_context.py::TestConstants::test_scoring_weights_sum_to_one PASSED [ 10%]
tests/test_cognitive_context.py::TestConstants::test_cost_map_has_three_levels PASSED [ 10%]
tests/test_cognitive_context.py::TestConstants::test_uncertainty_reducers_not_empty PASSED [ 10%]
tests/test_compiler_determinism.py::TestCompilerDeterminism::test_ir_is_deterministic SKIPPED [ 10%]
tests/test_contract_invariants.py::TestContractInvariants::test_all_skills_have_contract PASSED [ 10%]
tests/test_contract_invariants.py::TestContractInvariants::test_contract_names_unique PASSED [ 10%]
tests/test_contract_invariants.py::TestContractInvariants::test_required_optional_disjoint PASSED [ 10%]
tests/test_contract_invariants.py::TestContractInvariants::test_inputs_have_semantic_types PASSED [ 11%]
tests/test_contract_invariants.py::TestContractInvariants::test_outputs_have_semantic_types PASSED [ 11%]
tests/test_contract_invariants.py::TestContractInvariants::test_skill_count PASSED [ 11%]
tests/test_conversation_history.py::TestConversationTurn::test_valid_user_turn PASSED [ 11%]
tests/test_conversation_history.py::TestConversationTurn::test_valid_assistant_turn PASSED [ 11%]
tests/test_conversation_history.py::TestConversationTurn::test_invalid_role_rejected PASSED [ 11%]
tests/test_conversation_history.py::TestConversationTurn::test_invalid_role_empty_string PASSED [ 11%]
tests/test_conversation_history.py::TestConversationTurn::test_invalid_role_typo PASSED [ 11%]
tests/test_conversation_history.py::TestConversationTurn::test_mission_id_linkage PASSED [ 11%]
tests/test_conversation_history.py::TestConversationTurn::test_extra_fields_rejected PASSED [ 11%]
tests/test_conversation_history.py::TestConversationFrameHistory::test_empty_history_on_create PASSED [ 11%]
tests/test_conversation_history.py::TestConversationFrameHistory::test_append_user_turn PASSED [ 11%]
tests/test_conversation_history.py::TestConversationFrameHistory::test_append_assistant_turn PASSED [ 11%]
tests/test_conversation_history.py::TestConversationFrameHistory::test_append_order_preserved PASSED [ 11%]
tests/test_conversation_history.py::TestConversationFrameHistory::test_append_with_mission_id PASSED [ 11%]
tests/test_conversation_history.py::TestConversationFrameHistory::test_invalid_role_rejected_via_append PASSED [ 11%]
tests/test_conversation_history.py::TestConversationFrameHistory::test_history_cap_enforcement PASSED [ 11%]
tests/test_conversation_history.py::TestConversationFrameHistory::test_history_cap_exact_boundary PASSED [ 11%]
tests/test_conversation_history.py::TestConversationFrameHistory::test_outcomes_list_starts_empty PASSED [ 12%]
tests/test_conversation_history.py::TestConversationFrameHistory::test_extra_fields_rejected_on_frame PASSED [ 12%]
tests/test_conversation_state.py::TestEntityRecordSchema::test_valid_entity_record PASSED [ 12%]
tests/test_conversation_state.py::TestEntityRecordSchema::test_missing_required_fields_rejected PASSED [ 12%]
tests/test_conversation_state.py::TestEntityRecordSchema::test_extra_fields_rejected PASSED [ 12%]
tests/test_conversation_state.py::TestEntityRecordSchema::test_scalar_value PASSED [ 12%]
tests/test_conversation_state.py::TestEntityRecordSchema::test_timestamp_auto_set PASSED [ 12%]
tests/test_conversation_state.py::TestGoalStateSchema::test_valid_goal PASSED [ 12%]
tests/test_conversation_state.py::TestGoalStateSchema::test_status_values PASSED [ 12%]
tests/test_conversation_state.py::TestGoalStateSchema::test_invalid_status_rejected PASSED [ 12%]
tests/test_conversation_state.py::TestGoalStateSchema::test_extra_fields_rejected PASSED [ 12%]
tests/test_conversation_state.py::TestGoalStateSchema::test_mission_ids_append PASSED [ 12%]
tests/test_conversation_state.py::TestEntityRegistry::test_register_entity_stores PASSED [ 12%]
tests/test_conversation_state.py::TestEntityRegistry::test_register_overwrites PASSED [ 12%]
tests/test_conversation_state.py::TestEntityRegistry::test_get_entity_returns_record PASSED [ 12%]
tests/test_conversation_state.py::TestEntityRegistry::test_get_entity_missing_returns_none PASSED [ 12%]
tests/test_conversation_state.py::TestEntityRegistry::test_entity_cap_enforced PASSED [ 12%]
tests/test_conversation_state.py::TestEntityRegistry::test_entity_cap_drops_oldest PASSED [ 12%]
tests/test_conversation_state.py::TestIntentTracking::test_push_intent_appends PASSED [ 13%]
tests/test_conversation_state.py::TestIntentTracking::test_push_intent_order_preserved PASSED [ 13%]
tests/test_conversation_state.py::TestIntentTracking::test_push_intent_enforces_cap PASSED [ 13%]
tests/test_conversation_state.py::TestGoalLifecycle::test_add_goal_creates_active PASSED [ 13%]
tests/test_conversation_state.py::TestGoalLifecycle::test_complete_goal_updates_status PASSED [ 13%]
tests/test_conversation_state.py::TestGoalLifecycle::test_fail_goal_updates_status PASSED [ 13%]
tests/test_conversation_state.py::TestGoalLifecycle::test_get_active_goals_filters PASSED [ 13%]
tests/test_conversation_state.py::TestGoalLifecycle::test_goal_cap_enforced PASSED [ 13%]
tests/test_conversation_state.py::TestGoalLifecycle::test_complete_nonexistent_goal_is_noop PASSED [ 13%]
tests/test_conversation_state.py::TestLastResults::test_store_results_sets PASSED [ 13%]
tests/test_conversation_state.py::TestLastResults::test_store_results_replaces PASSED [ 13%]
tests/test_conversation_state.py::TestLastResults::test_store_results_preserves_structure PASSED [ 13%]
tests/test_conversation_state.py::TestBackwardCompatibility::test_existing_fields_unaffected PASSED [ 13%]
tests/test_conversation_state.py::TestBackwardCompatibility::test_append_turn_still_works PASSED [ 13%]
tests/test_conversation_state.py::TestBackwardCompatibility::test_new_fields_default_empty PASSED [ 13%]
tests/test_conversation_state.py::TestBackwardCompatibility::test_extra_fields_still_rejected PASSED [ 13%]
tests/test_coordinator_json.py::TestParseResponseResilience::test_clean_json PASSED [ 13%]
tests/test_coordinator_json.py::TestParseResponseResilience::test_json_with_markdown_fences PASSED [ 13%]
tests/test_coordinator_json.py::TestParseResponseResilience::test_json_with_preamble_text PASSED [ 14%]
tests/test_coordinator_json.py::TestParseResponseResilience::test_json_with_trailing_text PASSED [ 14%]
tests/test_coordinator_json.py::TestParseResponseResilience::test_completely_invalid_falls_back PASSED [ 14%]
tests/test_coordinator_json.py::TestParseResponseResilience::test_empty_response_falls_back PASSED [ 14%]
tests/test_coordinator_json.py::TestParseResponseResilience::test_direct_answer_parsed PASSED [ 14%]
tests/test_coordinator_json.py::TestParseResponseResilience::test_reasoned_plan_parsed PASSED [ 14%]
tests/test_coordinator_json.py::TestParseResponseResilience::test_unsupported_maps_to_skill_plan PASSED [ 14%]
tests/test_coordinator_json.py::TestParseResponseResilience::test_unknown_mode_falls_back PASSED [ 14%]
tests/test_coordinator_json.py::TestCapabilityAwareness::test_prompt_contains_capabilities PASSED [ 14%]
tests/test_coordinator_scheduling.py::TestCoordinatorModes::test_only_three_modes_exist PASSED [ 14%]
tests/test_coordinator_scheduling.py::TestCoordinatorModes::test_unsupported_not_in_enum PASSED [ 14%]
tests/test_coordinator_scheduling.py::TestCoordinatorModes::test_persistent_job_not_in_enum PASSED [ 14%]
tests/test_coordinator_scheduling.py::TestCoordinatorModes::test_result_has_no_persistent_job_fields PASSED [ 14%]
tests/test_coordinator_scheduling.py::TestCoordinatorModes::test_result_has_no_unsupported_fields PASSED [ 14%]
tests/test_coordinator_scheduling.py::TestSchedulingGuard::test_remind_overrides_direct_answer PASSED [ 14%]
tests/test_coordinator_scheduling.py::TestSchedulingGuard::test_schedule_overrides_direct_answer PASSED [ 14%]
tests/test_coordinator_scheduling.py::TestSchedulingGuard::test_timer_overrides_direct_answer PASSED [ 14%]
tests/test_coordinator_scheduling.py::TestSchedulingGuard::test_question_about_schedule_allowed_direct_answer PASSED [ 14%]
tests/test_coordinator_scheduling.py::TestSchedulingGuard::test_scheduling_verbs_constant_exists PASSED [ 15%]
tests/test_coordinator_scheduling.py::TestBackwardCompat::test_unsupported_maps_to_skill_plan PASSED [ 15%]
tests/test_coordinator_scheduling.py::TestBackwardCompat::test_persistent_job_maps_to_skill_plan PASSED [ 15%]
tests/test_coordinator_scheduling.py::TestSchedulingTierUpgrade::test_tier_upgrade_scheduling PASSED [ 15%]
tests/test_coordinator_scheduling.py::TestSchedulingTierUpgrade::test_multi_clause_scheduling_already_multi PASSED [ 15%]
tests/test_coordinator_scheduling.py::TestPromptCorrectness::test_no_unsupported_in_decision_matrix PASSED [ 15%]
tests/test_coordinator_scheduling.py::TestPromptCorrectness::test_only_three_modes_in_output_format PASSED [ 15%]
tests/test_coordinator_scheduling.py::TestPromptCorrectness::test_scheduling_guard_in_hard_rules PASSED [ 15%]
tests/test_coordinator_scheduling.py::TestPromptCorrectness::test_scheduler_subcapabilities_listed PASSED [ 15%]
tests/test_cortex_context.py::TestBuildContextSection::test_none_conversation_returns_empty PASSED [ 15%]
tests/test_cortex_context.py::TestBuildContextSection::test_empty_conversation_returns_empty PASSED [ 15%]
tests/test_cortex_context.py::TestBuildContextSection::test_active_domain_included PASSED [ 15%]
tests/test_cortex_context.py::TestBuildContextSection::test_active_entity_included PASSED [ 15%]
tests/test_cortex_context.py::TestBuildContextSection::test_history_summarized_in_context PASSED [ 15%]
tests/test_cortex_context.py::TestBuildContextSection::test_history_bounded_by_max_turns PASSED [ 15%]
tests/test_cortex_context.py::TestBuildContextSection::test_long_text_truncated PASSED [ 15%]
tests/test_cortex_context.py::TestBuildContextSection::test_only_last_outcome_injected PASSED [ 15%]
tests/test_cortex_context.py::TestBuildContextSection::test_no_raw_lists_in_context PASSED [ 15%]
tests/test_cortex_context.py::TestSummarizeVisibleLists::test_empty_visible_lists PASSED [ 16%]
tests/test_cortex_context.py::TestSummarizeVisibleLists::test_empty_list_labeled PASSED [ 16%]
tests/test_cortex_context.py::TestSummarizeVisibleLists::test_dict_items_summarized PASSED [ 16%]
tests/test_cortex_context.py::TestSummarizeVisibleLists::test_scalar_items_summarized PASSED [ 16%]
tests/test_coverage_verification.py::TestIntentMatcherProtocol::test_capability_satisfies_protocol PASSED [ 16%]
tests/test_coverage_verification.py::TestIntentMatcherProtocol::test_heuristic_alias_satisfies_protocol PASSED [ 16%]
tests/test_coverage_verification.py::TestFullCoverage::test_single_intent_single_node PASSED [ 16%]
tests/test_coverage_verification.py::TestFullCoverage::test_multi_intent_multi_node PASSED [ 16%]
tests/test_coverage_verification.py::TestPartialCoverage::test_missing_node_for_intent PASSED [ 16%]
tests/test_coverage_verification.py::TestPartialCoverage::test_all_uncovered PASSED [ 16%]
tests/test_coverage_verification.py::TestNodeConsumption::test_one_node_cannot_cover_two_intents PASSED [ 16%]
tests/test_coverage_verification.py::TestNodeConsumption::test_two_similar_nodes_cover_two_intents PASSED [ 16%]
tests/test_coverage_verification.py::TestCapabilityMatching::test_action_match_exact PASSED [ 16%]
tests/test_coverage_verification.py::TestCapabilityMatching::test_action_mismatch PASSED [ 16%]
tests/test_coverage_verification.py::TestCapabilityMatching::test_no_params_still_matches PASSED [ 16%]
tests/test_coverage_verification.py::TestCapabilityMatching::test_parameter_disambiguation PASSED [ 16%]
tests/test_coverage_verification.py::TestCoverageEdgeCases::test_empty_plan PASSED [ 16%]
tests/test_coverage_verification.py::TestCoverageEdgeCases::test_empty_intents PASSED [ 16%]
tests/test_coverage_verification.py::TestCoverageEdgeCases::test_empty_action_in_intent PASSED [ 17%]
tests/test_coverage_verification.py::TestCoverageEdgeCases::test_custom_matcher PASSED [ 17%]
tests/test_decision_engine.py::TestClassifyComplexity::test_missing_data_from_missing_parameter PASSED [ 17%]
tests/test_decision_engine.py::TestClassifyComplexity::test_missing_state_from_environment_mismatch PASSED [ 17%]
tests/test_decision_engine.py::TestClassifyComplexity::test_capability_failure_from_timeout PASSED [ 17%]
tests/test_decision_engine.py::TestClassifyComplexity::test_invalid_assumption_from_permission PASSED [ 17%]
tests/test_decision_engine.py::TestClassifyComplexity::test_multi_step_when_has_dependents PASSED [ 17%]
tests/test_decision_engine.py::TestClassifyComplexity::test_single_step_when_no_dependents PASSED [ 17%]
tests/test_decision_engine.py::TestContractDrivenRecovery::test_find_revealers_discovers_search_file PASSED [ 17%]
tests/test_decision_engine.py::TestContractDrivenRecovery::test_find_revealers_skips_already_attempted PASSED [ 17%]
tests/test_decision_engine.py::TestContractDrivenRecovery::test_find_revealers_ignores_create_skills PASSED [ 17%]
tests/test_decision_engine.py::TestContractDrivenRecovery::test_no_registry_returns_empty PASSED [ 17%]
tests/test_decision_engine.py::TestScoreNormalized::test_all_components_bounded PASSED [ 17%]
tests/test_decision_engine.py::TestScoreNormalized::test_lower_score_is_better PASSED [ 17%]
tests/test_decision_engine.py::TestScoreNormalized::test_attempt_penalty_increases_score PASSED [ 17%]
tests/test_decision_engine.py::TestScoreNormalized::test_commitment_contradiction_penalized PASSED [ 17%]
tests/test_decision_engine.py::TestScoreNormalized::test_uncertainty_reducer_benefits_when_uncertain PASSED [ 17%]
tests/test_decision_engine.py::TestNormalize::test_midpoint_is_zero PASSED [ 17%]
tests/test_decision_engine.py::TestNormalize::test_lo_is_minus_one PASSED [ 18%]
tests/test_decision_engine.py::TestNormalize::test_hi_is_plus_one PASSED [ 18%]
tests/test_decision_engine.py::TestNormalize::test_clamped_below PASSED  [ 18%]
tests/test_decision_engine.py::TestNormalize::test_clamped_above PASSED  [ 18%]
tests/test_decision_engine.py::TestNormalize::test_equal_lo_hi_returns_zero PASSED [ 18%]
tests/test_decision_engine.py::TestGoalDistance::test_direct_outcome_match PASSED [ 18%]
tests/test_decision_engine.py::TestGoalDistance::test_irrelevant_action PASSED [ 18%]
tests/test_decision_engine.py::TestGoalDistance::test_always_progressive PASSED [ 18%]
tests/test_decision_engine.py::TestGoalDistance::test_uncertainty_reducer_contributes_when_uncertain PASSED [ 18%]
tests/test_decision_engine.py::TestDecide::test_returns_action_for_not_found PASSED [ 18%]
tests/test_decision_engine.py::TestDecide::test_returns_escalation_when_budget_exhausted PASSED [ 18%]
tests/test_decision_engine.py::TestDecide::test_escalates_for_timeout PASSED [ 18%]
tests/test_decision_engine.py::TestDecide::test_escalates_for_multi_step_scope PASSED [ 18%]
tests/test_decision_engine.py::TestDecide::test_explanation_has_components PASSED [ 18%]
tests/test_decision_engine.py::TestDecide::test_explanation_includes_rejection_list PASSED [ 18%]
tests/test_decision_engine.py::TestDecide::test_action_decision_has_assumptions PASSED [ 18%]
tests/test_decision_engine.py::TestRejectionReason::test_cost_reason PASSED [ 18%]
tests/test_decision_engine.py::TestRejectionReason::test_penalty_reason PASSED [ 18%]
tests/test_decision_engine.py::TestSimulate::test_produces_types_without_registry PASSED [ 19%]
tests/test_decision_engine.py::TestSimulate::test_reduces_uncertainty PASSED [ 19%]
tests/test_decision_engine.py::TestSimulate::test_achieves_matching_outcome PASSED [ 19%]
tests/test_decision_engine.py::TestSimulate::test_increments_step_count PASSED [ 19%]
tests/test_decision_engine.py::TestEstimateSuccess::test_perfect_conditions PASSED [ 19%]
tests/test_decision_engine.py::TestEstimateSuccess::test_uncertainty_reduces_probability PASSED [ 19%]
tests/test_decision_engine.py::TestEstimateSuccess::test_prior_failures_reduce_probability PASSED [ 19%]
tests/test_decision_engine.py::TestEstimateSuccess::test_clamped_above_minimum PASSED [ 19%]
tests/test_decision_engine.py::TestGenerateFollowUps::test_no_registry_returns_empty PASSED [ 19%]
tests/test_decision_engine.py::TestScoreWithLookahead::test_returns_expected_structure PASSED [ 19%]
tests/test_decision_engine.py::TestScoreWithLookahead::test_p_success_in_range PASSED [ 19%]
tests/test_decision_engine.py::TestScoreWithLookahead::test_no_follow_ups_without_registry PASSED [ 19%]
tests/test_decision_engine.py::TestScoreWithLookahead::test_explanation_includes_lookahead PASSED [ 19%]
tests/test_decision_engine.py::TestCreateCommitment::test_creates_commitment PASSED [ 19%]
tests/test_decision_engine.py::TestCreateCommitment::test_overwrites_existing_commitment PASSED [ 19%]
tests/test_decision_engine.py::TestReconsiderCommitment::test_traces_to_commitment PASSED [ 19%]
tests/test_decision_engine.py::TestReconsiderCommitment::test_no_match_returns_none PASSED [ 19%]
tests/test_decision_engine.py::TestReconsiderCommitment::test_no_commitments_returns_none PASSED [ 19%]
tests/test_decision_engine.py::TestRecordDecisionWithCausalLink::test_returns_decision_id PASSED [ 20%]
tests/test_decision_engine.py::TestRecordDecisionWithCausalLink::test_links_parent PASSED [ 20%]
tests/test_decision_engine.py::TestRecordDecisionWithCausalLink::test_caused_by_node PASSED [ 20%]
tests/test_decision_engine.py::TestInvalidateCommitmentsForGoalChange::test_removes_matching_commitments PASSED [ 20%]
tests/test_decision_engine.py::TestInvalidateCommitmentsForGoalChange::test_preserves_unrelated_commitments PASSED [ 20%]
tests/test_decision_engine.py::TestInvalidateCommitmentsForGoalChange::test_empty_removed_outcomes PASSED [ 20%]
tests/test_effect_recovery.py::TestSkillContractEffectFields::test_open_app_produces_app_running PASSED [ 20%]
tests/test_effect_recovery.py::TestSkillContractEffectFields::test_media_play_requires_media_session_active PASSED [ 20%]
tests/test_effect_recovery.py::TestSkillContractEffectFields::test_close_app_has_destroy_effect PASSED [ 20%]
tests/test_effect_recovery.py::TestSkillContractEffectFields::test_write_file_produces_file_exists PASSED [ 20%]
tests/test_effect_recovery.py::TestSkillContractEffectFields::test_read_file_requires_file_exists PASSED [ 20%]
tests/test_effect_recovery.py::TestSkillContractEffectFields::test_focus_app_requires_app_running PASSED [ 20%]
tests/test_effect_recovery.py::TestSkillContractEffectFields::test_media_next_requires_media_session PASSED [ 20%]
tests/test_effect_recovery.py::TestSkillContractEffectFields::test_create_folder_produces_file_exists PASSED [ 20%]
tests/test_effect_recovery.py::TestCheckRequires::test_returns_none_when_no_registry PASSED [ 20%]
tests/test_effect_recovery.py::TestCheckRequires::test_returns_none_when_no_skill_name PASSED [ 20%]
tests/test_effect_recovery.py::TestCheckRequires::test_returns_none_when_no_requires PASSED [ 20%]
tests/test_effect_recovery.py::TestCheckRequires::test_returns_none_for_unknown_state PASSED [ 20%]
tests/test_effect_recovery.py::TestCheckRequires::test_skips_invalid_guard_values PASSED [ 21%]
tests/test_effect_recovery.py::TestFindCreators::test_returns_empty_without_registry PASSED [ 21%]
tests/test_effect_recovery.py::TestFindCreators::test_finds_create_skill_no_inputs PASSED [ 21%]
tests/test_effect_recovery.py::TestFindCreators::test_skips_maintain_skills PASSED [ 21%]
tests/test_effect_recovery.py::TestFindCreators::test_skips_destroy_skills PASSED [ 21%]
tests/test_effect_recovery.py::TestFindCreators::test_skips_failed_skill PASSED [ 21%]
tests/test_effect_recovery.py::TestFindCreators::test_skips_already_attempted PASSED [ 21%]
tests/test_effect_recovery.py::TestFindCreators::test_creator_has_effect_repair_assumption PASSED [ 21%]
tests/test_effect_recovery.py::TestFindEnablers::test_no_enablers_when_domain_mismatch PASSED [ 21%]
tests/test_effect_recovery.py::TestFindEnablers::test_finds_enabler_same_domain PASSED [ 21%]
tests/test_effect_recovery.py::TestFindEnablers::test_bounded_to_3_results PASSED [ 21%]
tests/test_effect_recovery.py::TestGuardIsUnmet::test_returns_none_without_state PASSED [ 21%]
tests/test_effect_recovery.py::TestGuardIsUnmet::test_file_exists_always_returns_none PASSED [ 21%]
tests/test_effect_recovery.py::TestGuardIsUnmet::test_unknown_guard_returns_none PASSED [ 21%]
tests/test_effect_recovery.py::TestNormalizeDiagnosis::test_valid_guard_type PASSED [ 21%]
tests/test_effect_recovery.py::TestNormalizeDiagnosis::test_unknown_returns_none PASSED [ 21%]
tests/test_effect_recovery.py::TestNormalizeDiagnosis::test_empty_state_type_returns_none PASSED [ 21%]
tests/test_effect_recovery.py::TestNormalizeDiagnosis::test_invalid_state_type_returns_none PASSED [ 21%]
tests/test_effect_recovery.py::TestNormalizeDiagnosis::test_media_session_active PASSED [ 22%]
tests/test_effect_recovery.py::TestNormalizeDiagnosis::test_file_exists PASSED [ 22%]
tests/test_effect_recovery.py::TestSimulateAndRank::test_empty_candidates_returns_empty PASSED [ 22%]
tests/test_effect_recovery.py::TestSimulateAndRank::test_direct_producer_ranked_first PASSED [ 22%]
tests/test_effect_recovery.py::TestSimulateProducedGuards::test_produced_guards_populated_from_contract PASSED [ 22%]
tests/test_effect_recovery.py::TestSimulateProducedGuards::test_produced_guards_empty_for_unknown_skill PASSED [ 22%]
tests/test_effect_recovery.py::TestSimulateProducedGuards::test_multiple_produced_guards PASSED [ 22%]
tests/test_effect_recovery.py::TestAmbiguityDecision::test_ambiguity_decision_has_required_fields PASSED [ 22%]
tests/test_effect_recovery.py::TestAmbiguityDecision::test_ambiguity_decision_with_empty_choices PASSED [ 22%]
tests/test_effect_recovery.py::TestClassifyComplexityCategoryBased::test_all_categories_covered PASSED [ 22%]
tests/test_effect_recovery.py::TestClassifyComplexityCategoryBased::test_environment_mismatch_is_missing_state PASSED [ 22%]
tests/test_effect_recovery.py::TestClassifyComplexityCategoryBased::test_missing_parameter_is_missing_data PASSED [ 22%]
tests/test_effect_recovery.py::TestClassifyComplexityCategoryBased::test_capability_failure_is_invalid_assumption PASSED [ 22%]
tests/test_effect_recovery.py::TestClassifyComplexityCategoryBased::test_error_string_irrelevant PASSED [ 22%]
tests/test_effect_recovery.py::TestLlmDiagnose::test_returns_none_without_llm PASSED [ 22%]
tests/test_effect_recovery.py::TestLlmDiagnose::test_llm_called_with_prompt PASSED [ 22%]
tests/test_effect_recovery.py::TestLlmDiagnose::test_llm_failure_returns_none PASSED [ 22%]
tests/test_effect_recovery.py::TestE2EMediaPlayRecovery::test_media_play_failure_finds_open_app PASSED [ 22%]
tests/test_effect_recovery.py::TestMediaSessionActiveGuard::test_guard_type_exists PASSED [ 23%]
tests/test_effect_recovery.py::TestMediaSessionActiveGuard::test_guard_type_in_valid_list PASSED [ 23%]
tests/test_effect_recovery.py::TestSimulatedStateProducedGuards::test_produced_guards_field_exists PASSED [ 23%]
tests/test_effect_recovery.py::TestSimulatedStateProducedGuards::test_produced_guards_default_empty PASSED [ 23%]
tests/test_email_attachments.py::TestAttachmentValidation::test_valid_attachment PASSED [ 23%]
tests/test_email_attachments.py::TestAttachmentValidation::test_missing_file_raises PASSED [ 23%]
tests/test_email_attachments.py::TestAttachmentValidation::test_oversized_file_raises PASSED [ 23%]
tests/test_email_attachments.py::TestAttachmentValidation::test_duplicate_name_raises PASSED [ 23%]
tests/test_email_attachments.py::TestAttachmentValidation::test_mime_type_detection PASSED [ 23%]
tests/test_email_attachments.py::TestAttachmentValidation::test_empty_attachments_returns_empty PASSED [ 23%]
tests/test_email_attachments.py::TestAttachmentIntegration::test_attachments_passed_to_email_client PASSED [ 23%]
tests/test_email_attachments.py::TestAttachmentIntegration::test_no_attachments_works PASSED [ 23%]
tests/test_entity_resolution.py::TestEntityRegistryResolution::test_ordinal_from_entity_registry PASSED [ 23%]
tests/test_entity_resolution.py::TestEntityRegistryResolution::test_visible_lists_take_priority PASSED [ 23%]
tests/test_entity_resolution.py::TestEntityRegistryResolution::test_no_registry_no_resolution PASSED [ 23%]
tests/test_entity_resolution.py::TestEntityRegistryResolution::test_out_of_range_fails_cleanly PASSED [ 23%]
tests/test_entity_resolution.py::TestEntityRegistryResolution::test_non_list_entities_skipped PASSED [ 23%]
tests/test_entity_resolution.py::TestRegistrySurvivesDomainSwitch::test_search_then_create_then_play PASSED [ 23%]
tests/test_entity_resolution.py::TestRegistrySurvivesDomainSwitch::test_registry_list_key_prefix PASSED [ 24%]
tests/test_entity_resolver.py::TestDirectResolution::test_resolve_by_app_id PASSED [ 24%]
tests/test_entity_resolver.py::TestDirectResolution::test_resolve_by_display_name PASSED [ 24%]
tests/test_entity_resolver.py::TestDirectResolution::test_resolve_case_insensitive PASSED [ 24%]
tests/test_entity_resolver.py::TestDirectResolution::test_resolve_with_whitespace PASSED [ 24%]
tests/test_entity_resolver.py::TestDirectResolution::test_resolve_not_found PASSED [ 24%]
tests/test_entity_resolver.py::TestDirectResolution::test_resolve_empty_string PASSED [ 24%]
tests/test_entity_resolver.py::TestDirectResolution::test_result_preserves_original_term PASSED [ 24%]
tests/test_entity_resolver.py::TestAliasResolution::test_alias_browser PASSED [ 24%]
tests/test_entity_resolver.py::TestAliasResolution::test_alias_music PASSED [ 24%]
tests/test_entity_resolver.py::TestAliasResolution::test_alias_ide PASSED [ 24%]
tests/test_entity_resolver.py::TestAliasResolution::test_alias_case_insensitive PASSED [ 24%]
tests/test_entity_resolver.py::TestAmbiguityHandling::test_exact_match_not_ambiguous PASSED [ 24%]
tests/test_entity_resolver.py::TestResolvePlan::test_resolved_adds_app_id PASSED [ 24%]
tests/test_entity_resolver.py::TestResolvePlan::test_original_plan_not_mutated PASSED [ 24%]
tests/test_entity_resolver.py::TestResolvePlan::test_display_name_resolves PASSED [ 24%]
tests/test_entity_resolver.py::TestResolvePlan::test_alias_resolves_in_plan PASSED [ 24%]
tests/test_entity_resolver.py::TestResolvePlan::test_not_found_raises_error PASSED [ 25%]
tests/test_entity_resolver.py::TestResolvePlan::test_near_match_resolves_fuzzy PASSED [ 25%]
tests/test_entity_resolver.py::TestResolvePlan::test_close_app_resolved PASSED [ 25%]
tests/test_entity_resolver.py::TestMultiNodePlans::test_mixed_plan_only_app_nodes_resolved PASSED [ 25%]
tests/test_entity_resolver.py::TestMultiNodePlans::test_multiple_app_nodes_all_resolved PASSED [ 25%]
tests/test_entity_resolver.py::TestIRReferenceSkipping::test_output_reference_skipped PASSED [ 25%]
tests/test_entity_resolver.py::TestErrorMessages::test_not_found_user_message PASSED [ 25%]
tests/test_entity_resolver.py::TestErrorMessages::test_error_str PASSED  [ 25%]
tests/test_entity_resolver.py::TestFileEntityResolution::test_single_match_replaces_path PASSED [ 25%]
tests/test_entity_resolver.py::TestFileEntityResolution::test_single_match_sets_anchor PASSED [ 25%]
tests/test_entity_resolver.py::TestFileEntityResolution::test_ambiguous_raises_with_options PASSED [ 25%]
tests/test_entity_resolver.py::TestFileEntityResolution::test_not_found_raises PASSED [ 25%]
tests/test_entity_resolver.py::TestFileEntityResolution::test_explicit_path_skipped PASSED [ 25%]
tests/test_entity_resolver.py::TestFileEntityResolution::test_ir_reference_skipped PASSED [ 25%]
tests/test_entity_resolver.py::TestFileEntityResolution::test_no_file_index_defers PASSED [ 25%]
tests/test_environment_observer.py::TestProtocolConformance::test_system_observer_matches_protocol PASSED [ 25%]
tests/test_environment_observer.py::TestIsAppRunning::test_returns_true_when_windows_found PASSED [ 25%]
tests/test_environment_observer.py::TestIsAppRunning::test_returns_false_when_no_windows PASSED [ 25%]
tests/test_environment_observer.py::TestIsAppRunning::test_returns_false_on_exception PASSED [ 26%]
tests/test_environment_observer.py::TestIsAppFocused::test_returns_true_when_focused PASSED [ 26%]
tests/test_environment_observer.py::TestIsAppFocused::test_returns_false_when_different_app_focused PASSED [ 26%]
tests/test_environment_observer.py::TestIsAppFocused::test_returns_false_when_no_active_window PASSED [ 26%]
tests/test_environment_observer.py::TestFileExists::test_existing_file PASSED [ 26%]
tests/test_environment_observer.py::TestFileExists::test_nonexistent_file PASSED [ 26%]
tests/test_environment_observer.py::TestFileExists::test_existing_directory PASSED [ 26%]
tests/test_environment_observer.py::TestObserverSessionIntegration::test_cleanup_uses_observer PASSED [ 26%]
tests/test_errors.py::TestErrorHierarchy::test_parse_error_is_compilation_error PASSED [ 26%]
tests/test_errors.py::TestErrorHierarchy::test_llm_unavailable_is_compilation_error PASSED [ 26%]
tests/test_errors.py::TestErrorHierarchy::test_malformed_plan_is_compilation_error PASSED [ 26%]
tests/test_errors.py::TestErrorHierarchy::test_parse_error_catchable_as_compilation_error PASSED [ 26%]
tests/test_errors.py::TestErrorHierarchy::test_llm_unavailable_catchable_as_compilation_error PASSED [ 26%]
tests/test_errors.py::TestFailureIR::test_valid_failure_ir PASSED        [ 26%]
tests/test_errors.py::TestFailureIR::test_literal_error_type_enforced PASSED [ 26%]
tests/test_errors.py::TestFailureIR::test_all_valid_error_types PASSED   [ 26%]
tests/test_errors.py::TestFailureIR::test_extra_fields_rejected PASSED   [ 26%]
tests/test_errors.py::TestFailureIR::test_retryable_flag PASSED          [ 26%]
tests/test_errors.py::TestFailureIR::test_internal_error_flag PASSED     [ 27%]
tests/test_errors.py::TestFailureIR::test_serialization_roundtrip PASSED [ 27%]
tests/test_errors.py::TestFailureIRDistinction::test_system_failure PASSED [ 27%]
tests/test_errors.py::TestFailureIRDistinction::test_user_failure PASSED [ 27%]
tests/test_escalation_features.py::TestFeatureBasedEscalation::test_intra_query_coreference_returns_mission PASSED [ 27%]
tests/test_escalation_features.py::TestFeatureBasedEscalation::test_single_clause_no_context_clarify PASSED [ 27%]
tests/test_escalation_features.py::TestFeatureBasedEscalation::test_single_clause_with_visible_lists_mission PASSED [ 27%]
tests/test_escalation_features.py::TestFeatureBasedEscalation::test_single_clause_with_conversation_context_mission PASSED [ 27%]
tests/test_escalation_features.py::TestFeatureBasedEscalation::test_no_context_features_returns_mission PASSED [ 27%]
tests/test_escalation_features.py::TestFeatureBasedEscalation::test_scheduling_only_returns_mission PASSED [ 27%]
tests/test_escalation_features.py::TestFallbackEscalation::test_fallback_referential_no_context_clarify PASSED [ 27%]
tests/test_escalation_features.py::TestFallbackEscalation::test_fallback_no_referential_mission PASSED [ 27%]
tests/test_escalation_features.py::TestOriginalBugScenario::test_original_failing_query PASSED [ 27%]
tests/test_event_source_attribution.py::TestBackgroundEventsIgnoredForEnforcement::test_time_tick_during_brightness_does_not_crash PASSED [ 27%]
tests/test_event_source_attribution.py::TestBackgroundEventsIgnoredForEnforcement::test_foreground_window_changed_during_execution PASSED [ 27%]
tests/test_event_source_attribution.py::TestBackgroundEventsIgnoredForEnforcement::test_media_track_changed_during_execution PASSED [ 27%]
tests/test_event_source_attribution.py::TestBackgroundEventsIgnoredForEnforcement::test_multiple_background_events_during_execution PASSED [ 27%]
tests/test_event_source_attribution.py::TestBackgroundEventsIgnoredForEnforcement::test_mutates_world_false_not_triggered_by_background PASSED [ 27%]
tests/test_event_source_attribution.py::TestBackgroundEventsPreservedInTimeline::test_background_events_not_dropped PASSED [ 28%]
tests/test_event_source_attribution.py::TestBackgroundEventsPreservedInTimeline::test_mixed_events_all_preserved PASSED [ 28%]
tests/test_event_source_attribution.py::TestGenuineContractViolationsStillCaught::test_undeclared_skill_event_still_caught PASSED [ 28%]
tests/test_event_source_attribution.py::TestGenuineContractViolationsStillCaught::test_mutates_world_false_with_skill_event_still_caught PASSED [ 28%]
tests/test_event_source_attribution.py::TestGenuineContractViolationsStillCaught::test_no_declared_events_but_skill_emits_still_caught PASSED [ 28%]
tests/test_event_source_attribution.py::TestSourceNamespaceCollisionSafety::test_background_source_without_dot_ignored PASSED [ 28%]
tests/test_event_source_attribution.py::TestSourceNamespaceCollisionSafety::test_wrong_source_emitter_passes_enforcement PASSED [ 28%]
tests/test_execution_supervisor.py::TestGuardType::test_all_types_exist PASSED [ 28%]
tests/test_execution_supervisor.py::TestStepGuard::test_basic_guard PASSED [ 28%]
tests/test_execution_supervisor.py::TestStepGuard::test_guard_with_repair PASSED [ 28%]
tests/test_execution_supervisor.py::TestExecutionContext::test_all_fields PASSED [ 28%]
tests/test_execution_supervisor.py::TestExecutionContext::test_defaults_none PASSED [ 28%]
tests/test_execution_supervisor.py::TestSupervisorBasicExecution::test_passthrough_execution PASSED [ 28%]
tests/test_execution_supervisor.py::TestSupervisorBasicExecution::test_registry_property PASSED [ 28%]
tests/test_execution_supervisor.py::TestGuardEvaluation::test_app_running_guard_passes PASSED [ 28%]
tests/test_execution_supervisor.py::TestGuardEvaluation::test_app_running_guard_fails PASSED [ 28%]
tests/test_execution_supervisor.py::TestGuardEvaluation::test_file_exists_guard PASSED [ 28%]
tests/test_execution_supervisor.py::TestGuardEvaluation::test_app_focused_guard PASSED [ 28%]
tests/test_execution_supervisor.py::TestGuardEvaluation::test_no_observer_assumes_pass PASSED [ 29%]
tests/test_execution_supervisor.py::TestGuardEvaluation::test_element_visible_deferred PASSED [ 29%]
tests/test_execution_supervisor.py::TestRepairActions::test_repair_restores_guard PASSED [ 29%]
tests/test_execution_supervisor.py::TestRepairActions::test_repair_fails PASSED [ 29%]
tests/test_execution_supervisor.py::TestContractExtension::test_default_empty_guards PASSED [ 29%]
tests/test_execution_supervisor.py::TestContractExtension::test_contract_with_guards PASSED [ 29%]
tests/test_execution_supervisor.py::TestPostExecutionCleanup::test_cleanup_called_after_run PASSED [ 29%]
tests/test_executor_type_guard.py::TestTypeGuard::test_rejects_dict PASSED [ 29%]
tests/test_executor_type_guard.py::TestTypeGuard::test_rejects_model_dump PASSED [ 29%]
tests/test_executor_type_guard.py::TestTypeGuard::test_accepts_world_snapshot PASSED [ 29%]
tests/test_executor_type_guard.py::TestTypeGuard::test_accepts_none PASSED [ 29%]
tests/test_executor_type_guard.py::TestTypeGuard::test_accepts_no_argument PASSED [ 29%]
tests/test_executor_type_guard.py::TestSnapshotFlowToSkills::test_skill_receives_snapshot_with_media_state PASSED [ 29%]
tests/test_executor_type_guard.py::TestSnapshotFlowToSkills::test_skill_receives_snapshot_no_media PASSED [ 29%]
tests/test_executor_type_guard.py::TestSnapshotFlowToSkills::test_skill_receives_none_snapshot PASSED [ 29%]
tests/test_executor_type_guard.py::TestConditionWithWorldSnapshot::test_condition_true_runs_node PASSED [ 29%]
tests/test_executor_type_guard.py::TestConditionWithWorldSnapshot::test_condition_false_skips_node PASSED [ 29%]
tests/test_executor_type_guard.py::TestConditionWithWorldSnapshot::test_condition_none_snapshot_skips PASSED [ 29%]
tests/test_executor_type_guard.py::TestConditionWithWorldSnapshot::test_condition_nested_path PASSED [ 30%]
tests/test_fallback.py::TestFallbackMatchesSimpleCommands::test_create_folder_basic PASSED [ 30%]
tests/test_fallback.py::TestFallbackMatchesSimpleCommands::test_make_folder PASSED [ 30%]
tests/test_fallback.py::TestFallbackMatchesSimpleCommands::test_new_directory PASSED [ 30%]
tests/test_fallback.py::TestFallbackMatchesSimpleCommands::test_create_folder_on_desktop PASSED [ 30%]
tests/test_fallback.py::TestFallbackMatchesSimpleCommands::test_create_folder_in_documents PASSED [ 30%]
tests/test_fallback.py::TestFallbackRejectsComplexCommands::test_unrelated_query PASSED [ 30%]
tests/test_fallback.py::TestFallbackRejectsComplexCommands::test_multi_step_query PASSED [ 30%]
tests/test_fallback.py::TestFallbackRejectsComplexCommands::test_ambiguous_query_no_name PASSED [ 30%]
tests/test_fallback.py::TestFallbackPlanIsIRValid::test_passes_ir_validation PASSED [ 30%]
tests/test_fallback.py::TestFallbackPlanIsIRValid::test_has_ir_version_metadata PASSED [ 30%]
tests/test_fallback.py::TestFallbackPlanIsIRValid::test_deterministic_id PASSED [ 30%]
tests/test_fallback.py::TestFallbackPlanIsIRValid::test_single_node_foreground_mode PASSED [ 30%]
tests/test_fallback.py::TestFallbackIntegrationWithCortex::test_llm_down_simple_command_uses_fallback PASSED [ 30%]
tests/test_fallback.py::TestFallbackIntegrationWithCortex::test_llm_down_complex_command_returns_failure PASSED [ 30%]
tests/test_file_index.py::TestFileIndexBuild::test_build_indexes_files PASSED [ 30%]
tests/test_file_index.py::TestFileIndexBuild::test_build_respects_max_depth PASSED [ 30%]
tests/test_file_index.py::TestFileIndexBuild::test_build_handles_missing_anchor PASSED [ 30%]
tests/test_file_index.py::TestFileIndexBuild::test_build_skips_hidden_directories PASSED [ 31%]
tests/test_file_index.py::TestFileIndexSearch::test_exact_match_highest_confidence PASSED [ 31%]
tests/test_file_index.py::TestFileIndexSearch::test_substring_match PASSED [ 31%]
tests/test_file_index.py::TestFileIndexSearch::test_starts_with_match PASSED [ 31%]
tests/test_file_index.py::TestFileIndexSearch::test_case_insensitive PASSED [ 31%]
tests/test_file_index.py::TestFileIndexSearch::test_no_match_returns_empty PASSED [ 31%]
tests/test_file_index.py::TestFileIndexSearch::test_lazy_build_on_first_search PASSED [ 31%]
tests/test_file_index.py::TestFileIndexSearch::test_max_results_limit PASSED [ 31%]
tests/test_file_index.py::TestFileIndexSearch::test_results_ranked_by_confidence PASSED [ 31%]
tests/test_file_index.py::TestFileIndexIncrementalUpdates::test_add_ref PASSED [ 31%]
tests/test_file_index.py::TestFileIndexIncrementalUpdates::test_remove_ref PASSED [ 31%]
tests/test_file_index.py::TestFileIndexIncrementalUpdates::test_invalidate_clears_index PASSED [ 31%]
tests/test_file_index.py::TestFileRef::test_resolve_path PASSED          [ 31%]
tests/test_file_index.py::TestFileRef::test_to_output_dict PASSED        [ 31%]
tests/test_filtered_world_state.py::TestConfidenceGatedKeywords::test_unique_keyword_triggers_domain PASSED [ 31%]
tests/test_filtered_world_state.py::TestConfidenceGatedKeywords::test_single_ambiguous_keyword_does_NOT_trigger PASSED [ 31%]
tests/test_filtered_world_state.py::TestConfidenceGatedKeywords::test_create_alone_does_NOT_trigger_fs PASSED [ 31%]
tests/test_filtered_world_state.py::TestConfidenceGatedKeywords::test_search_alone_does_NOT_trigger_browser PASSED [ 31%]
tests/test_filtered_world_state.py::TestConfidenceGatedKeywords::test_two_ambiguous_keywords_DO_trigger PASSED [ 32%]
tests/test_filtered_world_state.py::TestConfidenceGatedKeywords::test_unique_keyword_overrides_ambiguous_threshold PASSED [ 32%]
tests/test_filtered_world_state.py::TestUniqueKeywordDetection::test_media_unique_keywords PASSED [ 32%]
tests/test_filtered_world_state.py::TestUniqueKeywordDetection::test_system_unique_keywords PASSED [ 32%]
tests/test_filtered_world_state.py::TestUniqueKeywordDetection::test_fs_unique_keywords PASSED [ 32%]
tests/test_filtered_world_state.py::TestUniqueKeywordDetection::test_browser_unique_keywords PASSED [ 32%]
tests/test_filtered_world_state.py::TestUnionDomainResolution::test_skills_plus_keywords_union PASSED [ 32%]
tests/test_filtered_world_state.py::TestUnionDomainResolution::test_cross_domain_query_all_detected PASSED [ 32%]
tests/test_filtered_world_state.py::TestUnionDomainResolution::test_candidate_skills_extract_domains PASSED [ 32%]
tests/test_filtered_world_state.py::TestUnionDomainResolution::test_multiple_unique_domains_detected PASSED [ 32%]
tests/test_filtered_world_state.py::TestFallbackBehavior::test_no_query_no_skills_returns_full_state PASSED [ 32%]
tests/test_filtered_world_state.py::TestFallbackBehavior::test_unknown_query_returns_full_state PASSED [ 32%]
tests/test_filtered_world_state.py::TestFallbackBehavior::test_weak_signal_returns_full_state PASSED [ 32%]
tests/test_filtered_world_state.py::TestAlwaysInclude::test_time_always_included PASSED [ 32%]
tests/test_filtered_world_state.py::TestAlwaysInclude::test_session_always_included_for_media PASSED [ 32%]
tests/test_filtered_world_state.py::TestAlwaysInclude::test_session_always_included_for_fs PASSED [ 32%]
tests/test_filtered_world_state.py::TestAlwaysInclude::test_time_missing_in_state PASSED [ 32%]
tests/test_filtered_world_state.py::TestViewProjection::test_nested_path_projection PASSED [ 32%]
tests/test_filtered_world_state.py::TestViewProjection::test_view_is_smaller_than_full_state PASSED [ 33%]
tests/test_filtered_world_state.py::TestSimpleWorldStateProviderCompat::test_accepts_query PASSED [ 33%]
tests/test_filtered_world_state.py::TestSimpleWorldStateProviderCompat::test_accepts_candidate_skills PASSED [ 33%]
tests/test_filtered_world_state.py::TestCustomConfig::test_custom_domain_map PASSED [ 33%]
tests/test_filtered_world_state.py::TestCustomConfig::test_custom_always_include PASSED [ 33%]
tests/test_fs_skills.py::TestWriteFileContract::test_action PASSED       [ 33%]
tests/test_fs_skills.py::TestWriteFileContract::test_action_namespaced PASSED [ 33%]
tests/test_fs_skills.py::TestWriteFileContract::test_contract_is_skill_contract PASSED [ 33%]
tests/test_fs_skills.py::TestWriteFileContract::test_domain PASSED       [ 33%]
tests/test_fs_skills.py::TestWriteFileContract::test_emits_events PASSED [ 33%]
tests/test_fs_skills.py::TestWriteFileContract::test_inputs PASSED       [ 33%]
tests/test_fs_skills.py::TestWriteFileContract::test_mutates_world PASSED [ 33%]
tests/test_fs_skills.py::TestWriteFileContract::test_name PASSED         [ 33%]
tests/test_fs_skills.py::TestWriteFileContract::test_outputs PASSED      [ 33%]
tests/test_fs_skills.py::TestWriteFileContract::test_semantic_types_registered PASSED [ 33%]
tests/test_fs_skills.py::TestReadFileContract::test_action PASSED        [ 33%]
tests/test_fs_skills.py::TestReadFileContract::test_contract_is_skill_contract PASSED [ 33%]
tests/test_fs_skills.py::TestReadFileContract::test_does_not_mutate_world PASSED [ 33%]
tests/test_fs_skills.py::TestReadFileContract::test_domain PASSED        [ 34%]
tests/test_fs_skills.py::TestReadFileContract::test_inputs PASSED        [ 34%]
tests/test_fs_skills.py::TestReadFileContract::test_name PASSED          [ 34%]
tests/test_fs_skills.py::TestReadFileContract::test_outputs PASSED       [ 34%]
tests/test_fs_skills.py::TestReadFileContract::test_semantic_types_registered PASSED [ 34%]
tests/test_fs_skills.py::TestWriteFileExecution::test_creates_parent_directories PASSED [ 34%]
tests/test_fs_skills.py::TestWriteFileExecution::test_default_anchor_is_workspace PASSED [ 34%]
tests/test_fs_skills.py::TestWriteFileExecution::test_emits_event PASSED [ 34%]
tests/test_fs_skills.py::TestWriteFileExecution::test_overwrites_existing_file PASSED [ 34%]
tests/test_fs_skills.py::TestWriteFileExecution::test_returns_written_path PASSED [ 34%]
tests/test_fs_skills.py::TestWriteFileExecution::test_uses_anchor PASSED [ 34%]
tests/test_fs_skills.py::TestWriteFileExecution::test_writes_content_to_file PASSED [ 34%]
tests/test_fs_skills.py::TestReadFileExecution::test_emits_event_on_success PASSED [ 34%]
tests/test_fs_skills.py::TestReadFileExecution::test_no_event_on_missing_file PASSED [ 34%]
tests/test_fs_skills.py::TestReadFileExecution::test_raises_for_directory PASSED [ 34%]
tests/test_fs_skills.py::TestReadFileExecution::test_raises_for_missing_file PASSED [ 34%]
tests/test_fs_skills.py::TestReadFileExecution::test_reads_file_content PASSED [ 34%]
tests/test_fs_skills.py::TestTypeAwareReporting::test_generated_content_block_in_prompt PASSED [ 34%]
tests/test_fs_skills.py::TestTypeAwareReporting::test_long_output_truncated PASSED [ 35%]
tests/test_fs_skills.py::TestTypeAwareReporting::test_no_content_block_for_short_outputs PASSED [ 35%]
tests/test_fs_skills.py::TestTypeAwareReporting::test_short_output_not_truncated PASSED [ 35%]
tests/test_fs_skills.py::TestMixedModeChain::test_generate_then_write_chain PASSED [ 35%]
tests/test_fs_skills.py::TestMixedModeChain::test_read_after_write_chain PASSED [ 35%]
tests/test_fs_skills.py::TestMixedModeChain::test_write_file_with_resolved_content PASSED [ 35%]
tests/test_fs_skills.py::TestRegistryAudit::test_read_file_passes_audit PASSED [ 35%]
tests/test_fs_skills.py::TestRegistryAudit::test_write_file_passes_audit PASSED [ 35%]
tests/test_generate_text_skill.py::TestGenerateTextContract::test_contract_is_skill_contract PASSED [ 35%]
tests/test_generate_text_skill.py::TestGenerateTextContract::test_does_not_mutate_world PASSED [ 35%]
tests/test_generate_text_skill.py::TestGenerateTextContract::test_generated_text_type_exists PASSED [ 35%]
tests/test_generate_text_skill.py::TestGenerateTextContract::test_intent_keywords_not_empty PASSED [ 35%]
tests/test_generate_text_skill.py::TestGenerateTextContract::test_intent_verbs_not_empty PASSED [ 35%]
tests/test_generate_text_skill.py::TestGenerateTextContract::test_is_idempotent PASSED [ 35%]
tests/test_generate_text_skill.py::TestGenerateTextContract::test_name_follows_convention PASSED [ 35%]
tests/test_generate_text_skill.py::TestGenerateTextContract::test_semantic_types_registered PASSED [ 35%]
tests/test_generate_text_skill.py::TestGenerateTextContract::test_text_prompt_type_exists PASSED [ 35%]
tests/test_generate_text_skill.py::TestGenerateTextExecution::test_basic_generation PASSED [ 35%]
tests/test_generate_text_skill.py::TestGenerateTextExecution::test_empty_response_raises PASSED [ 36%]
tests/test_generate_text_skill.py::TestGenerateTextExecution::test_metadata_has_domain PASSED [ 36%]
tests/test_generate_text_skill.py::TestGenerateTextExecution::test_no_special_entity_metadata PASSED [ 36%]
tests/test_generate_text_skill.py::TestGenerateTextExecution::test_no_style_still_works PASSED [ 36%]
tests/test_generate_text_skill.py::TestGenerateTextExecution::test_output_is_stripped PASSED [ 36%]
tests/test_generate_text_skill.py::TestGenerateTextExecution::test_prompt_flows_to_llm PASSED [ 36%]
tests/test_generate_text_skill.py::TestGenerateTextExecution::test_style_modifies_prompt PASSED [ 36%]
tests/test_generate_text_skill.py::TestGenerateTextExecution::test_whitespace_only_response_raises PASSED [ 36%]
tests/test_generate_text_skill.py::TestGenerateTextRegistry::test_action_uniqueness PASSED [ 36%]
tests/test_generate_text_skill.py::TestGenerateTextRegistry::test_skill_passes_namespace_audit PASSED [ 36%]
tests/test_generate_text_skill.py::TestLoadSkillsFailFast::test_skill_loaded_when_dep_available PASSED [ 36%]
tests/test_generate_text_skill.py::TestLoadSkillsFailFast::test_skill_skipped_when_dep_is_none PASSED [ 36%]
tests/test_goal_hierarchy.py::TestGoalStateHierarchyFields::test_defaults PASSED [ 36%]
tests/test_goal_hierarchy.py::TestGoalStateHierarchyFields::test_explicit_values PASSED [ 36%]
tests/test_goal_hierarchy.py::TestGoalStateHierarchyFields::test_serialization_roundtrip PASSED [ 36%]
tests/test_goal_hierarchy.py::TestGoalStateHierarchyFields::test_backward_compatibility PASSED [ 36%]
tests/test_goal_hierarchy.py::TestAttachMissionToGoal::test_attach_to_existing_goal PASSED [ 36%]
tests/test_goal_hierarchy.py::TestAttachMissionToGoal::test_attach_to_nonexistent_goal PASSED [ 36%]
tests/test_goal_hierarchy.py::TestAttachMissionToGoal::test_attach_multiple_missions PASSED [ 37%]
tests/test_goal_hierarchy.py::TestUpdateGoalProgress::test_no_subgoals PASSED [ 37%]
tests/test_goal_hierarchy.py::TestUpdateGoalProgress::test_all_subgoals_completed PASSED [ 37%]
tests/test_goal_hierarchy.py::TestUpdateGoalProgress::test_partial_completion PASSED [ 37%]
tests/test_goal_hierarchy.py::TestUpdateGoalProgress::test_nonexistent_goal PASSED [ 37%]
tests/test_identity_and_memory.py::TestGenerationVerbsCleanup::test_explain_not_in_generation_verbs PASSED [ 37%]
tests/test_identity_and_memory.py::TestGenerationVerbsCleanup::test_summarize_not_in_generation_verbs PASSED [ 37%]
tests/test_identity_and_memory.py::TestGenerationVerbsCleanup::test_describe_not_in_generation_verbs PASSED [ 37%]
tests/test_identity_and_memory.py::TestGenerationVerbsCleanup::test_content_generation_verbs_present PASSED [ 37%]
tests/test_identity_and_memory.py::TestEmbeddedQuestionWordDetection::test_tell_me_what_you_can_do_stays_direct PASSED [ 37%]
tests/test_identity_and_memory.py::TestEmbeddedQuestionWordDetection::test_tell_me_who_you_are_stays_direct PASSED [ 37%]
tests/test_identity_and_memory.py::TestEmbeddedQuestionWordDetection::test_tell_me_a_story_gets_overridden PASSED [ 37%]
tests/test_identity_and_memory.py::TestEmbeddedQuestionWordDetection::test_compose_a_poem_gets_overridden PASSED [ 37%]
tests/test_identity_and_memory.py::TestEmbeddedQuestionWordDetection::test_tell_me_how_this_works_stays_direct PASSED [ 37%]
tests/test_identity_and_memory.py::TestMetaSpeechActBypass::test_meta_speech_act_bypasses_generation_guard PASSED [ 37%]
tests/test_identity_and_memory.py::TestMetaSpeechActBypass::test_command_speech_act_triggers_generation_guard PASSED [ 37%]
tests/test_identity_and_memory.py::TestMetaSpeechActBypass::test_none_speech_act_triggers_generation_guard PASSED [ 37%]
tests/test_identity_and_memory.py::TestGenerateTextIdentity::test_system_prompt_contains_merlin PASSED [ 37%]
tests/test_identity_and_memory.py::TestGenerateTextIdentity::test_system_prompt_not_generic PASSED [ 38%]
tests/test_identity_and_memory.py::TestRetrieveMemoryContext::test_empty_store_returns_no_stored_knowledge PASSED [ 38%]
tests/test_identity_and_memory.py::TestRetrieveMemoryContext::test_facts_included PASSED [ 38%]
tests/test_identity_and_memory.py::TestRetrieveMemoryContext::test_preferences_included PASSED [ 38%]
tests/test_identity_and_memory.py::TestRetrieveMemoryContext::test_traits_included PASSED [ 38%]
tests/test_identity_and_memory.py::TestRetrieveMemoryContext::test_query_parameter_accepted PASSED [ 38%]
tests/test_identity_and_memory.py::TestRetrieveMemoryContext::test_max_entries_respected PASSED [ 38%]
tests/test_identity_and_memory.py::TestCoordinatorMemoryInjection::test_prompt_contains_memory_section PASSED [ 38%]
tests/test_identity_and_memory.py::TestCoordinatorMemoryInjection::test_prompt_contains_memory_authority_rule PASSED [ 38%]
tests/test_identity_and_memory.py::TestCoordinatorMemoryInjection::test_prompt_shows_no_memory_when_store_absent PASSED [ 38%]
tests/test_identity_and_memory.py::TestCoordinatorMemoryInjection::test_prompt_shows_empty_memory_when_store_empty PASSED [ 38%]
tests/test_identity_and_memory.py::TestTryKnowledgeAnswerRemoved::test_method_does_not_exist PASSED [ 38%]
tests/test_identity_and_memory.py::TestMemorySkillIntentVerbs::test_know_in_get_preference PASSED [ 38%]
tests/test_identity_and_memory.py::TestMemorySkillIntentVerbs::test_recall_in_get_preference PASSED [ 38%]
tests/test_identity_and_memory.py::TestMemorySkillIntentVerbs::test_know_not_in_set_fact PASSED [ 38%]
tests/test_identity_and_memory.py::TestMemorySkillIntentVerbs::test_memorize_in_set_fact PASSED [ 38%]
tests/test_identity_and_memory.py::TestMemorySkillIntentVerbs::test_remember_in_set_preference PASSED [ 38%]
tests/test_input_validation.py::TestMissingRequiredInputs::test_missing_required_input_rejected PASSED [ 38%]
tests/test_input_validation.py::TestMissingRequiredInputs::test_all_required_provided_passes PASSED [ 39%]
tests/test_input_validation.py::TestMissingRequiredInputs::test_mixed_missing_required_rejected PASSED [ 39%]
tests/test_input_validation.py::TestMissingRequiredInputs::test_mixed_required_only_passes PASSED [ 39%]
tests/test_input_validation.py::TestMissingRequiredInputs::test_mixed_all_provided_passes PASSED [ 39%]
tests/test_input_validation.py::TestUnexpectedInputs::test_unexpected_input_rejected PASSED [ 39%]
tests/test_input_validation.py::TestUnexpectedInputs::test_unexpected_on_no_input_skill PASSED [ 39%]
tests/test_input_validation.py::TestUnexpectedInputs::test_optional_input_not_unexpected PASSED [ 39%]
tests/test_input_validation.py::TestZeroRequiredInputs::test_no_inputs_empty_provided PASSED [ 39%]
tests/test_input_validation.py::TestZeroRequiredInputs::test_optional_only_empty_provided PASSED [ 39%]
tests/test_input_validation.py::TestBackwardCompatibility::test_no_registry_skips_input_checks PASSED [ 39%]
tests/test_input_validation.py::TestBackwardCompatibility::test_no_registry_still_catches_structural PASSED [ 39%]
tests/test_input_validation.py::TestMultiNodeValidation::test_mixed_plan_valid PASSED [ 39%]
tests/test_input_validation.py::TestMultiNodeValidation::test_mixed_plan_one_bad_node_fails PASSED [ 39%]
tests/test_integration_steps_3_4.py::TestBuildFromCognitive::test_abc_default_returns_empty PASSED [ 39%]
tests/test_integration_steps_3_4.py::TestBuildFromCognitive::test_simple_provider_returns_empty PASSED [ 39%]
tests/test_integration_steps_3_4.py::TestBuildFromCognitive::test_retrieval_returns_pending_outcomes PASSED [ 39%]
tests/test_integration_steps_3_4.py::TestBuildFromCognitive::test_retrieval_returns_recent_attempts PASSED [ 39%]
tests/test_integration_steps_3_4.py::TestBuildFromCognitive::test_retrieval_returns_commitments PASSED [ 39%]
tests/test_integration_steps_3_4.py::TestBuildFromCognitive::test_retrieval_empty_ctx_returns_empty PASSED [ 40%]
tests/test_integration_steps_3_4.py::TestBuildFromCognitive::test_retrieval_bounded_output PASSED [ 40%]
tests/test_integration_steps_3_4.py::TestBuildFromCognitive::test_attempts_limited_to_last_3 PASSED [ 40%]
tests/test_integration_steps_3_4.py::TestFrameGoalStateVersioning::test_default_version_is_1 PASSED [ 40%]
tests/test_integration_steps_3_4.py::TestFrameGoalStateVersioning::test_refine_bumps_version PASSED [ 40%]
tests/test_integration_steps_3_4.py::TestFrameGoalStateVersioning::test_refine_records_history PASSED [ 40%]
tests/test_integration_steps_3_4.py::TestFrameGoalStateVersioning::test_refine_preserves_status PASSED [ 40%]
tests/test_integration_steps_3_4.py::TestFrameGoalStateVersioning::test_multiple_refinements PASSED [ 40%]
tests/test_integration_steps_3_4.py::TestFrameGoalStateVersioning::test_refine_updates_timestamp PASSED [ 40%]
tests/test_integration_steps_3_4.py::TestFrameGoalStateVersioning::test_backward_compat_no_version PASSED [ 40%]
tests/test_ir_v1_compliance.py::TestOutputReferenceRejectsDollarStrings::test_dollar_string_in_input_rejected PASSED [ 40%]
tests/test_ir_v1_compliance.py::TestOutputReferenceRejectsDollarStrings::test_dollar_ref_string_rejected PASSED [ 40%]
tests/test_ir_v1_compliance.py::TestOutputReferenceRejectsDollarStrings::test_literal_string_accepted PASSED [ 40%]
tests/test_ir_v1_compliance.py::TestOutputReferenceRejectsDollarStrings::test_output_reference_accepted PASSED [ 40%]
tests/test_ir_v1_compliance.py::TestMissionPlanRequiresIrVersion::test_missing_ir_version_raises PASSED [ 40%]
tests/test_ir_v1_compliance.py::TestMissionPlanRequiresIrVersion::test_wrong_ir_version_raises PASSED [ 40%]
tests/test_ir_v1_compliance.py::TestMissionPlanRequiresIrVersion::test_correct_ir_version_passes PASSED [ 40%]
tests/test_ir_v1_compliance.py::TestMissionPlanRequiresId::test_missing_id_raises PASSED [ 40%]
tests/test_ir_v1_compliance.py::TestMissionNodeSkillFormat::test_valid_two_part PASSED [ 41%]
tests/test_ir_v1_compliance.py::TestMissionNodeSkillFormat::test_valid_three_part PASSED [ 41%]
tests/test_ir_v1_compliance.py::TestMissionNodeSkillFormat::test_single_part_rejected PASSED [ 41%]
tests/test_ir_v1_compliance.py::TestMissionNodeSkillFormat::test_uppercase_rejected PASSED [ 41%]
tests/test_ir_v1_compliance.py::TestMissionNodeSkillFormat::test_hyphen_rejected PASSED [ 41%]
tests/test_ir_v1_compliance.py::TestMissionNodeSkillFormat::test_four_parts_rejected PASSED [ 41%]
tests/test_ir_v1_compliance.py::TestIrRejectsUnknownFields::test_extra_field_on_node_rejected PASSED [ 41%]
tests/test_ir_v1_compliance.py::TestIrRejectsUnknownFields::test_extra_field_on_plan_rejected PASSED [ 41%]
tests/test_ir_v1_compliance.py::TestIrRejectsUnknownFields::test_extra_field_on_output_spec_rejected PASSED [ 41%]
tests/test_ir_v1_compliance.py::TestIrRejectsUnknownFields::test_extra_field_on_output_reference_rejected PASSED [ 41%]
tests/test_ir_v1_compliance.py::TestConditionExprSourceValidation::test_valid_node_id PASSED [ 41%]
tests/test_ir_v1_compliance.py::TestConditionExprSourceValidation::test_valid_world_namespace PASSED [ 41%]
tests/test_ir_v1_compliance.py::TestConditionExprSourceValidation::test_invalid_source_rejected PASSED [ 41%]
tests/test_ir_v1_compliance.py::TestExecutorVersionGate::test_wrong_version_rejected PASSED [ 41%]
tests/test_ir_v1_compliance.py::TestExecutorRejectsDollarStrings::test_dollar_string_rejected_at_runtime PASSED [ 41%]
tests/test_ir_v1_compliance.py::TestExecutorResolvesOutputReference::test_valid_reference_resolved PASSED [ 41%]
tests/test_ir_v1_compliance.py::TestExecutorResolvesOutputReference::test_missing_node_fails PASSED [ 41%]
tests/test_ir_v1_compliance.py::TestExecutorResolvesOutputReference::test_missing_output_fails PASSED [ 41%]
tests/test_ir_v1_compliance.py::TestExecutorResolvesOutputReference::test_literal_passes_through PASSED [ 42%]
tests/test_ir_v1_compliance.py::TestValidatorListNodes::test_valid_plan_passes PASSED [ 42%]
tests/test_ir_v1_compliance.py::TestValidatorListNodes::test_unknown_skill_fails PASSED [ 42%]
tests/test_ir_v1_compliance.py::TestValidatorListNodes::test_duplicate_ids_rejected PASSED [ 42%]
tests/test_ir_v1_compliance.py::TestValidatorListNodes::test_missing_dependency_rejected PASSED [ 42%]
tests/test_ir_v1_compliance.py::TestValidatorListNodes::test_cycle_detected PASSED [ 42%]
tests/test_ir_v1_compliance.py::TestConditionSkipSemantics::test_condition_false_skips_node PASSED [ 42%]
tests/test_ir_v1_compliance.py::TestBackgroundFailureDoesNotFailMission::test_background_failure_continues PASSED [ 42%]
tests/test_ir_v1_compliance.py::TestBackgroundFailureDoesNotFailMission::test_foreground_failure_fails_mission PASSED [ 42%]
tests/test_ir_v1_compliance.py::TestBackgroundFailureDoesNotFailMission::test_side_effect_failure_ignored PASSED [ 42%]
tests/test_ir_v1_compliance.py::TestDependencyOnSkippedNodeBlocksExecution::test_skipped_dependency_cascades PASSED [ 42%]
tests/test_ir_v1_compliance.py::TestDependencyOnSkippedNodeBlocksExecution::test_failed_dependency_cascades PASSED [ 42%]
tests/test_ir_v1_compliance.py::TestContractAllowedModeEnforcement::test_disallowed_mode_rejected PASSED [ 42%]
tests/test_ir_v1_compliance.py::TestContractAllowedModeEnforcement::test_allowed_mode_accepted PASSED [ 42%]
[...]
tests/test_tier_classification.py::TestSimpleQueries::test_open_app_simple PASSED [ 93%]
tests/test_tier_classification.py::TestSimpleQueries::test_set_brightness_simple PASSED [ 93%]
tests/test_tier_classification.py::TestSimpleQueries::test_play_music_simple PASSED [ 93%]
tests/test_tier_classification.py::TestSimpleQueries::test_empty_query PASSED [ 93%]
tests/test_tier_classification.py::TestSimpleQueries::test_unknown_words PASSED [ 93%]
tests/test_tier_classification.py::TestMultiIntentQueries::test_cross_domain_two_actions PASSED [ 93%]
tests/test_tier_classification.py::TestMultiIntentQueries::test_cross_domain_with_open PASSED [ 93%]
tests/test_tier_classification.py::TestMultiIntentQueries::test_same_domain_multi_verb PASSED [ 93%]
tests/test_tier_classification.py::TestMultiIntentQueries::test_three_actions_cross_domain PASSED [ 93%]
tests/test_tier_classification.py::TestDeterminism::test_same_input_same_output PASSED [ 93%]
tests/test_tier_classification.py::TestDeterminism::test_case_insensitive PASSED [ 93%]
tests/test_tier_classification.py::TestEdgeCases::test_empty_registry PASSED [ 93%]
tests/test_tier_classification.py::TestEdgeCases::test_conjunction_without_verbs PASSED [ 93%]
tests/test_timeout.py::TestTimeoutSingleNode::test_hung_skill_times_out PASSED [ 93%]
tests/test_timeout.py::TestTimeoutSingleNode::test_fast_skill_completes_within_timeout PASSED [ 94%]
tests/test_timeout.py::TestTimeoutDependentNodes::test_dependent_skipped_after_timeout PASSED [ 94%]
tests/test_timeout.py::TestTimeoutWithParallelNodes::test_one_hangs_others_complete PASSED [ 94%]
tests/test_timeout.py::TestNoTimeout::test_no_timeout_completes_normally PASSED [ 94%]
tests/test_tts_engine.py::TestSilentTTS::test_speak_does_not_raise PASSED [ 94%]
tests/test_tts_engine.py::TestSilentTTS::test_is_available PASSED        [ 94%]
tests/test_tts_engine.py::TestSilentTTS::test_speak_empty_string PASSED  [ 94%]
tests/test_tts_engine.py::TestSilentTTS::test_speak_long_text PASSED     [ 94%]
tests/test_tts_engine.py::TestTTSEngineAbstract::test_is_abstract PASSED [ 94%]
tests/test_tts_selfhealing.py::TestQueueCap::test_queue_has_maxsize PASSED [ 94%]
tests/test_tts_selfhealing.py::TestQueueCap::test_speak_drops_oldest_when_full PASSED [ 94%]
tests/test_tts_selfhealing.py::TestGenerationTracking::test_initial_generation_is_zero PASSED [ 94%]
tests/test_tts_selfhealing.py::TestGenerationTracking::test_generation_increments_on_ensure_worker PASSED [ 94%]
tests/test_tts_selfhealing.py::TestWorkerSelfHealing::test_dead_worker_triggers_restart PASSED [ 94%]
tests/test_tts_selfhealing.py::TestWorkerSelfHealing::test_dead_worker_drains_stale_queue PASSED [ 94%]
tests/test_tts_selfhealing.py::TestWorkerSelfHealing::test_alive_worker_not_restarted PASSED [ 94%]
tests/test_url_normalization.py::TestSchemePassthrough::test_https_url PASSED [ 94%]
tests/test_url_normalization.py::TestSchemePassthrough::test_http_url PASSED [ 94%]
tests/test_url_normalization.py::TestSchemePassthrough::test_https_with_path PASSED [ 95%]
tests/test_url_normalization.py::TestSchemePassthrough::test_file_url PASSED [ 95%]
tests/test_url_normalization.py::TestSchemePassthrough::test_chrome_url PASSED [ 95%]
tests/test_url_normalization.py::TestSchemePassthrough::test_https_with_query_string PASSED [ 95%]
tests/test_url_normalization.py::TestKnownSiteAliases::test_amazon PASSED [ 95%]
tests/test_url_normalization.py::TestKnownSiteAliases::test_youtube PASSED [ 95%]
tests/test_url_normalization.py::TestKnownSiteAliases::test_google PASSED [ 95%]
tests/test_url_normalization.py::TestKnownSiteAliases::test_github PASSED [ 95%]
tests/test_url_normalization.py::TestKnownSiteAliases::test_gmail PASSED [ 95%]
tests/test_url_normalization.py::TestKnownSiteAliases::test_spotify PASSED [ 95%]
tests/test_url_normalization.py::TestKnownSiteAliases::test_case_insensitive PASSED [ 95%]
tests/test_url_normalization.py::TestKnownSiteAliases::test_stack_overflow PASSED [ 95%]
tests/test_url_normalization.py::TestKnownSiteAliases::test_netflix PASSED [ 95%]
tests/test_url_normalization.py::TestKnownSiteAliases::test_whatsapp PASSED [ 95%]
tests/test_url_normalization.py::TestLocalhost::test_bare_localhost PASSED [ 95%]
tests/test_url_normalization.py::TestLocalhost::test_localhost_with_port PASSED [ 95%]
tests/test_url_normalization.py::TestLocalhost::test_localhost_with_port_and_path PASSED [ 95%]
tests/test_url_normalization.py::TestBareDomains::test_amazon_com PASSED [ 95%]
tests/test_url_normalization.py::TestBareDomains::test_reddit_com PASSED [ 96%]
tests/test_url_normalization.py::TestBareDomains::test_docs_python_org PASSED [ 96%]
tests/test_url_normalization.py::TestBareDomains::test_subdomain PASSED  [ 96%]
tests/test_url_normalization.py::TestBareDomains::test_domain_with_path PASSED [ 96%]
tests/test_url_normalization.py::TestBareDomains::test_domain_with_port PASSED [ 96%]
tests/test_url_normalization.py::TestBareDomains::test_international_tld PASSED [ 96%]
tests/test_url_normalization.py::TestBareDomains::test_long_tld PASSED   [ 96%]
tests/test_url_normalization.py::TestSearchFallback::test_single_unknown_word PASSED [ 96%]
tests/test_url_normalization.py::TestSearchFallback::test_multi_word_query PASSED [ 96%]
tests/test_url_normalization.py::TestSearchFallback::test_python_tutorial PASSED [ 96%]
tests/test_url_normalization.py::TestSearchFallback::test_special_characters_encoded PASSED [ 96%]
tests/test_url_normalization.py::TestEdgeCases::test_empty_string PASSED [ 96%]
tests/test_url_normalization.py::TestEdgeCases::test_whitespace_only PASSED [ 96%]
tests/test_url_normalization.py::TestEdgeCases::test_leading_trailing_whitespace PASSED [ 96%]
tests/test_url_normalization.py::TestEdgeCases::test_leading_whitespace_url PASSED [ 96%]
tests/test_voice_factory.py::TestVoiceEngineFactorySTT::test_unknown_engine_returns_none PASSED [ 96%]
tests/test_voice_factory.py::TestVoiceEngineFactorySTT::test_missing_stt_config_returns_none PASSED [ 96%]
tests/test_voice_factory.py::TestVoiceEngineFactorySTT::test_import_error_returns_none PASSED [ 96%]
tests/test_voice_factory.py::TestVoiceEngineFactoryTTS::test_unknown_engine_returns_none PASSED [ 97%]
tests/test_voice_factory.py::TestVoiceEngineFactoryTTS::test_missing_tts_config_returns_none PASSED [ 97%]
tests/test_voice_factory.py::TestVoiceEngineFactoryTTS::test_silent_engine_created PASSED [ 97%]
tests/test_voice_factory.py::TestVoiceEngineFactoryTTS::test_import_error_returns_none PASSED [ 97%]
tests/test_whatsapp.py::TestChannelMessage::test_channel_message_is_frozen PASSED [ 97%]
tests/test_whatsapp.py::TestChannelMessage::test_channel_message_defaults PASSED [ 97%]
tests/test_whatsapp.py::TestContactResolver::test_exact_match PASSED     [ 97%]
tests/test_whatsapp.py::TestContactResolver::test_exact_match_case_insensitive PASSED [ 97%]
tests/test_whatsapp.py::TestContactResolver::test_exact_match_dad PASSED [ 97%]
tests/test_whatsapp.py::TestContactResolver::test_alias_resolution PASSED [ 97%]
tests/test_whatsapp.py::TestContactResolver::test_alias_mother PASSED    [ 97%]
tests/test_whatsapp.py::TestContactResolver::test_alias_papa PASSED      [ 97%]
tests/test_whatsapp.py::TestContactResolver::test_direct_phone_number PASSED [ 97%]
tests/test_whatsapp.py::TestContactResolver::test_direct_phone_with_plus PASSED [ 97%]
tests/test_whatsapp.py::TestContactResolver::test_direct_phone_with_dashes PASSED [ 97%]
tests/test_whatsapp.py::TestContactResolver::test_fuzzy_single_match PASSED [ 97%]
tests/test_whatsapp.py::TestContactResolver::test_ambiguous_multiple_matches PASSED [ 97%]
tests/test_whatsapp.py::TestContactResolver::test_ambiguous_error_has_options PASSED [ 97%]
tests/test_whatsapp.py::TestContactResolver::test_not_found PASSED       [ 98%]
tests/test_whatsapp.py::TestRateLimiter::test_acquire_within_limit PASSED [ 98%]
tests/test_whatsapp.py::TestRateLimiter::test_acquire_exceeds_limit PASSED [ 98%]
tests/test_whatsapp.py::TestRateLimiter::test_remaining_count PASSED     [ 98%]
tests/test_whatsapp.py::TestRateLimiter::test_acquire_or_raise PASSED    [ 98%]
tests/test_whatsapp.py::TestRateLimiter::test_refill_after_window PASSED [ 98%]
tests/test_whatsapp.py::TestRateLimiter::test_thread_safety PASSED       [ 98%]
tests/test_whatsapp.py::TestWhatsAppSendMessageSkill::test_contract_registered PASSED [ 98%]
tests/test_whatsapp.py::TestWhatsAppSendMessageSkill::test_successful_send PASSED [ 98%]
tests/test_whatsapp.py::TestWhatsAppSendMessageSkill::test_ambiguous_contact_returns_no_op PASSED [ 98%]
tests/test_whatsapp.py::TestWhatsAppSendMessageSkill::test_contact_not_found_returns_no_op PASSED [ 98%]
tests/test_whatsapp.py::TestWhatsAppSendMessageSkill::test_send_failure_returns_error PASSED [ 98%]
tests/test_whatsapp.py::TestWhatsAppSendFileSkill::test_contract_registered PASSED [ 98%]
tests/test_world_resolver.py::TestReferentialLanguageDetection::test_ordinal_detected PASSED [ 98%]
tests/test_world_resolver.py::TestReferentialLanguageDetection::test_entity_reference_detected PASSED [ 98%]
tests/test_world_resolver.py::TestReferentialLanguageDetection::test_pronoun_detected PASSED [ 98%]
tests/test_world_resolver.py::TestReferentialLanguageDetection::test_no_referential_language PASSED [ 98%]
tests/test_world_resolver.py::TestReferentialLanguageDetection::test_case_insensitive PASSED [ 98%]
tests/test_world_resolver.py::TestReferentialLanguageDetection::test_multiple_patterns PASSED [ 99%]
tests/test_world_resolver.py::TestOrdinalResolution::test_second_video_resolves PASSED [ 99%]
tests/test_world_resolver.py::TestOrdinalResolution::test_first_item_resolves PASSED [ 99%]
tests/test_world_resolver.py::TestOrdinalResolution::test_ordinal_fails_cleanly_no_list PASSED [ 99%]
tests/test_world_resolver.py::TestOrdinalResolution::test_ordinal_out_of_range_fails_cleanly PASSED [ 99%]
tests/test_world_resolver.py::TestOrdinalResolution::test_multiple_ordinals_resolved PASSED [ 99%]
tests/test_world_resolver.py::TestEntityResolution::test_that_folder_resolves PASSED [ 99%]
tests/test_world_resolver.py::TestEntityResolution::test_the_file_resolves PASSED [ 99%]
tests/test_world_resolver.py::TestEntityResolution::test_no_entity_no_resolution PASSED [ 99%]
tests/test_world_resolver.py::TestQueryContext::test_original_text_preserved PASSED [ 99%]
tests/test_world_resolver.py::TestQueryContext::test_non_referential_returns_clean PASSED [ 99%]
tests/test_world_resolver.py::TestQueryContext::test_is_resolved_property PASSED [ 99%]
tests/test_world_resolver.py::TestResolveOrdinalFromLists::test_valid_ordinal PASSED [ 99%]
tests/test_world_resolver.py::TestResolveOrdinalFromLists::test_unsupported_ordinal_raises PASSED [ 99%]
tests/test_world_resolver.py::TestResolveOrdinalFromLists::test_empty_lists_raises PASSED [ 99%]
tests/test_world_resolver.py::TestResolveOrdinalFromLists::test_out_of_range_raises PASSED [ 99%]
tests/test_world_resolver.py::TestResolveOrdinalFromLists::test_case_insensitive PASSED [ 99%]
tests/test_world_resolver.py::TestResolverNeverMutatesPlan::test_resolver_outputs_annotations_only PASSED [100%]

================================== FAILURES ===================================
________________ TestResolveMaxTokens.test_credit_cap_applied _________________

self = <test_max_tokens.TestResolveMaxTokens object at 0x000002926DC8B510>

    def test_credit_cap_applied(self):
        """When credit budget known, cap max_tokens."""
        client = self._client(max_tokens=4096)
        client._credit_budget = 1000
        result = client._resolve_max_tokens(None)
>       assert result == 1000 - _CREDIT_SAFETY_MARGIN
E       assert 4096 == (1000 - 50)

tests\test_max_tokens.py:60: AssertionError
___________ TestResolveMaxTokens.test_per_call_override_also_capped ___________

self = <test_max_tokens.TestResolveMaxTokens object at 0x000002926DC941D0>

    def test_per_call_override_also_capped(self):
        """Per-call override is also subject to credit capping."""
        client = self._client(max_tokens=512)
        client._credit_budget = 200
        result = client._resolve_max_tokens(1024)
>       assert result == 200 - _CREDIT_SAFETY_MARGIN
E       assert 1024 == (200 - 50)

tests\test_max_tokens.py:74: AssertionError
_______________ TestResolveMaxTokens.test_credit_cap_minimum_1 ________________

self = <test_max_tokens.TestResolveMaxTokens object at 0x000002926DC94890>

    def test_credit_cap_minimum_1(self):
        """Credit cap never goes below 1."""
        client = self._client(max_tokens=4096)
        client._credit_budget = 10  # 10 - 50 = -40, but min is 1
        result = client._resolve_max_tokens(None)
>       assert result == 1
E       assert 4096 == 1

tests\test_max_tokens.py:81: AssertionError
___________ TestParseCreditBudget.test_parses_budget_from_402_body ____________

self = <test_max_tokens.TestParseCreditBudget object at 0x000002926DC95190>

    def test_parses_budget_from_402_body(self):
        """Extracts 'can only afford N' from error message."""
        client = self._client()
        error_body = (
            '{"error":{"message":"You requested up to 4096 tokens, '
            'but can only afford 3974"}}'
        )
        client._parse_credit_budget(error_body)
>       assert client._credit_budget == 3974
               ^^^^^^^^^^^^^^^^^^^^^
E       AttributeError: 'OpenRouterClient' object has no attribute '_credit_budget'

tests\test_max_tokens.py:105: AttributeError
_______________ TestParseCreditBudget.test_no_match_leaves_none _______________

self = <test_max_tokens.TestParseCreditBudget object at 0x000002926DC8A5D0>

    def test_no_match_leaves_none(self):
        """Unrecognized error format doesn't change budget."""
        client = self._client()
        client._parse_credit_budget("some random error message")
>       assert client._credit_budget is None
               ^^^^^^^^^^^^^^^^^^^^^
E       AttributeError: 'OpenRouterClient' object has no attribute '_credit_budget'

tests\test_max_tokens.py:111: AttributeError
_____________ TestParseCreditBudget.test_updates_on_repeated_402 ______________

self = <test_max_tokens.TestParseCreditBudget object at 0x000002926DC94BD0>

    def test_updates_on_repeated_402(self):
        """Budget updates on each 402 (credits may change)."""
        client = self._client()
        client._parse_credit_budget("can only afford 5000")
>       assert client._credit_budget == 5000
               ^^^^^^^^^^^^^^^^^^^^^
E       AttributeError: 'OpenRouterClient' object has no attribute '_credit_budget'

tests\test_max_tokens.py:117: AttributeError
________ TestProductionSkillLoading.test_all_non_skipped_skills_loaded ________

self = <test_skill_loading_integration.TestProductionSkillLoading object at 0x000002920E75D2D0>
skills_config = {'context_provider': 'retrieval', 'context_token_budget': 800, 'domain_state_mapping': {'browser': ['system.session'],....list_directory'}, {'class': 'OpenAppSkill', 'module': 'skills.system.open_app', 'name': 'system.open_app'}, ...], ...}
loaded_registry = <execution.registry.SkillRegistry object at 0x0000029215299D50>

    def test_all_non_skipped_skills_loaded(
        self, skills_config, loaded_registry,
    ):
        """Every skill in skills.yaml (minus known skips) must be registered."""
        declared = {
            entry["name"]
            for entry in skills_config.get("skills", [])
        }
        registered = loaded_registry.all_names()
    
        missing = declared - registered - self.EXPECTED_SKIPPED
>       assert not missing, (
            f"Skills declared in skills.yaml but NOT loaded: {sorted(missing)}. "
            "Check: (a) semantic types registered? (b) deps available? "
            "(c) constructor signature matches deps?"
        )
E       AssertionError: Skills declared in skills.yaml but NOT loaded: ['whatsapp.send_file', 'whatsapp.send_message']. Check: (a) semantic types registered? (b) deps available? (c) constructor signature matches deps?
E       assert not {'whatsapp.send_file', 'whatsapp.send_message'}

tests\test_skill_loading_integration.py:153: AssertionError
----------------------------- Captured log setup ------------------------------
WARNING  main:main.py:163 Skill 'fs.create_folder' skipped: required dep 'location_config' is unavailable
WARNING  main:main.py:163 Skill 'fs.write_file' skipped: required dep 'location_config' is unavailable
WARNING  main:main.py:163 Skill 'fs.read_file' skipped: required dep 'location_config' is unavailable
WARNING  main:main.py:163 Skill 'fs.search_file' skipped: required dep 'location_config' is unavailable
WARNING  main:main.py:163 Skill 'fs.list_directory' skipped: required dep 'location_config' is unavailable
ERROR    main:main.py:178 Failed to load skill 'whatsapp.send_message': WhatsAppSendMessageSkill.__init__() missing 1 required positional argument: 'whatsapp_client'
ERROR    main:main.py:178 Failed to load skill 'whatsapp.send_file': WhatsAppSendFileSkill.__init__() missing 1 required positional argument: 'whatsapp_client'
__________ TestSemanticTypeHygiene.test_all_semantic_types_are_used ___________

self = <test_skill_loading_integration.TestSemanticTypeHygiene object at 0x000002920E75F1D0>
loaded_registry = <execution.registry.SkillRegistry object at 0x0000029215299D50>

    def test_all_semantic_types_are_used(self, loaded_registry):
        """Every type in SEMANTIC_TYPES must be used by at least one skill.
    
        Dead types bloat the registry and confuse future developers.
        If a type is no longer used, remove it from SEMANTIC_TYPES.
        """
        used_types: set = set()
        for name in loaded_registry.all_names():
            skill = loaded_registry.get(name)
            used_types.update(skill.contract.inputs.values())
            used_types.update(skill.contract.outputs.values())
            if skill.contract.optional_inputs:
                used_types.update(skill.contract.optional_inputs.values())
    
        # Types used by skipped skills (fs.*) ù these are legitimately
        # registered but their skills need location_config to load.
        # We know these types from the contracts themselves.
        fs_types = {
            "anchor_name", "relative_path", "folder_name",
            "filesystem_path", "file_path_input", "file_content",
            "file_search_query", "file_ref_list", "file_ref_id",
            "directory_contents",
        }
        used_types.update(fs_types)
    
        unused = set(SEMANTIC_TYPES.keys()) - used_types
>       assert not unused, (
            f"Dead semantic types in SEMANTIC_TYPES (not used by any skill): "
            f"{sorted(unused)}. Remove them or add a skill that uses them."
        )
E       AssertionError: Dead semantic types in SEMANTIC_TYPES (not used by any skill): ['phone_number', 'whatsapp_contact']. Remove them or add a skill that uses them.
E       assert not {'phone_number', 'whatsapp_contact'}

tests\test_skill_loading_integration.py:226: AssertionError
=========================== short test summary info ===========================
FAILED tests/test_max_tokens.py::TestResolveMaxTokens::test_credit_cap_applied
FAILED tests/test_max_tokens.py::TestResolveMaxTokens::test_per_call_override_also_capped
FAILED tests/test_max_tokens.py::TestResolveMaxTokens::test_credit_cap_minimum_1
FAILED tests/test_max_tokens.py::TestParseCreditBudget::test_parses_budget_from_402_body
FAILED tests/test_max_tokens.py::TestParseCreditBudget::test_no_match_leaves_none
FAILED tests/test_max_tokens.py::TestParseCreditBudget::test_updates_on_repeated_402
FAILED tests/test_skill_loading_integration.py::TestProductionSkillLoading::test_all_non_skipped_skills_loaded
FAILED tests/test_skill_loading_integration.py::TestSemanticTypeHygiene::test_all_semantic_types_are_used
================= 8 failed, 1787 passed, 1 skipped in 12.23s ==================
